#
# A fatal error has been detected by the Java Runtime Environment:
#
#  Internal Error (jvmciRuntime.cpp:1609), pid=28, tid=49
#  fatal error: Fatal exception in JVMCI: Error calling jdk.vm.ci.services.Services.serializeSavedProperties
#
# JRE version: OpenJDK Runtime Environment GraalVM CE 22.3.0 (17.0.5+8) (build 17.0.5+8-jvmci-22.3-b08)
# Java VM: OpenJDK 64-Bit Server VM GraalVM CE 22.3.0 (17.0.5+8-jvmci-22.3-b08, mixed mode, sharing, tiered, jvmci, jvmci compiler, compressed oops, compressed class ptrs, parallel gc, linux-amd64)
# Problematic frame:
# V  [libjvm.so+0x972714]  JVMCIRuntime::fatal_exception(JVMCIEnv*, char const*)+0x74
#
# Core dump will be written. Default location: Core dumps may be processed with "/usr/share/apport/apport -p%p -s%s -c%c -d%d -P%P -u%u -g%g -- %E" (or dumping to /home/runner/211Sorting/core.28)
#
# If you would like to submit a bug report, please visit:
#   https://github.com/oracle/graal/issues
#

---------------  S U M M A R Y ------------

Command Line: -XX:ThreadPriorityPolicy=1 -XX:+UnlockExperimentalVMOptions -XX:+EnableJVMCIProduct -XX:JVMCIThreadsPerNativeLibraryRuntime=1 -XX:-UnlockExperimentalVMOptions -Declipse.application=org.eclipse.jdt.ls.core.id1 -Dosgi.bundles.defaultStartLevel=4 -Declipse.product=org.eclipse.jdt.ls.core.product -Dlog.level=ALL -Xverify:none -XX:+UseParallelGC -XX:GCTimeRatio=4 -XX:AdaptiveSizePolicyWeight=90 -Dsun.zip.disableMemoryMapping=true -Xmx512m -Xms100m /nix/store/a7s9klvriqi68xz3qjc0qyfl5h86xc16-jdt-language-server-1.9.0/share/java/plugins/org.eclipse.equinox.launcher_1.6.400.v20210924-0641.jar --add-modules=ALL-SYSTEM --add-opens java.base/java.util=ALL-UNNAMED --add-opens java.base/java.lang=ALL-UNNAMED -configuration /home/runner/.cache/jdt-language-server/config -data /home/runner/.cache/jdt-language-server/data/home/runner/211Sorting

Host: Intel(R) Xeon(R) CPU @ 2.20GHz, 8 cores, 1G, Ubuntu 20.04.2 LTS
Time: Fri Oct 20 16:36:02 2023 UTC elapsed time: 1396.950879 seconds (0d 0h 23m 16s)

---------------  T H R E A D  ---------------

Current thread (0x00007f5d8c0b1c00):  JavaThread "JVMCI-native CompilerThread0" daemon [_thread_in_vm, id=49, stack(0x00007f5d70448000,0x00007f5d70648000)]


Current CompileTask:
JVMCI-native:1396951 8440       4       java.util.concurrent.locks.ReentrantReadWriteLock$NonfairSync::readerShouldBlock (5 bytes)

Stack: [0x00007f5d70448000,0x00007f5d70648000],  sp=0x00007f5d70646380,  free space=2040k
Native frames: (J=compiled Java code, j=interpreted, Vv=VM code, C=native code)
V  [libjvm.so+0x972714]  JVMCIRuntime::fatal_exception(JVMCIEnv*, char const*)+0x74
V  [libjvm.so+0x93e2fe]  JVMCIEnv::copy_saved_properties()+0x14e
V  [libjvm.so+0x9732a9]  JVMCIRuntime::initialize(JVMCIEnv*)+0xb19
V  [libjvm.so+0x9738a2]  JVMCIRuntime::get_HotSpotJVMCIRuntime(JVMCIEnv*)+0x12
V  [libjvm.so+0x9749f2]  JVMCIRuntime::compile_method(JVMCIEnv*, JVMCICompiler*, methodHandle const&, int)+0xd2
V  [libjvm.so+0x5b0d20]  CompileBroker::invoke_compiler_on_method(CompileTask*)+0x1470
V  [libjvm.so+0x5b12e8]  CompileBroker::compiler_thread_loop()+0x528
V  [libjvm.so+0xd82460]  JavaThread::thread_main_inner()+0xd0
V  [libjvm.so+0xd85a40]  Thread::call_run()+0xc0
V  [libjvm.so+0xbdb1e1]  thread_native_entry(Thread*)+0xe1

Register to memory mapping:

RAX=0x00007f5d9007d000 points into unknown readable memory: 0x0000000000000058 | 58 00 00 00 00 00 00 00
RBX=0x00007f5d91178398: <offset 0x0000000000ef5398> in /nix/store/gpxl5qgg8kicmcvivwmybwjlpf7wh20l-graalvm17-ce-22.3.0/lib/server/libjvm.so at 0x00007f5d90283000
RCX=0x00007f5d911301e8: <offset 0x0000000000ead1e8> in /nix/store/gpxl5qgg8kicmcvivwmybwjlpf7wh20l-graalvm17-ce-22.3.0/lib/server/libjvm.so at 0x00007f5d90283000
RDX=0x0000000000000649 is an unknown value
RSP=0x00007f5d70646380 is pointing into the stack for thread: 0x00007f5d8c0b1c00
RBP=0x00007f5d706463a0 is pointing into the stack for thread: 0x00007f5d8c0b1c00
RSI=0x00007f5d91178c48: <offset 0x0000000000ef5c48> in /nix/store/gpxl5qgg8kicmcvivwmybwjlpf7wh20l-graalvm17-ce-22.3.0/lib/server/libjvm.so at 0x00007f5d90283000
RDI=0x00000000e0000000 is an oop: java.lang.String 
{0x00000000e0000000} - klass: 'java/lang/String'
 - string: "resolution"
R8 =0x00007f5d91178398: <offset 0x0000000000ef5398> in /nix/store/gpxl5qgg8kicmcvivwmybwjlpf7wh20l-graalvm17-ce-22.3.0/lib/server/libjvm.so at 0x00007f5d90283000
R9 =0x0000000000000003 is an unknown value
R10=0x00007f5d914c9da0: <offset 0x0000000001246da0> in /nix/store/gpxl5qgg8kicmcvivwmybwjlpf7wh20l-graalvm17-ce-22.3.0/lib/server/libjvm.so at 0x00007f5d90283000
R11=0x000000080044f048 is pointing into metadata
R12=0x0 is NULL
R13=0x00007f5d8c0b1c00 is a thread
R14=0x00007f5d8c000b80 points into unknown readable memory: 0x00007f5d913a9a38 | 38 9a 3a 91 5d 7f 00 00
R15=0x00007f5d914b7e40: <offset 0x0000000001234e40> in /nix/store/gpxl5qgg8kicmcvivwmybwjlpf7wh20l-graalvm17-ce-22.3.0/lib/server/libjvm.so at 0x00007f5d90283000


Registers:
RAX=0x00007f5d9007d000, RBX=0x00007f5d91178398, RCX=0x00007f5d911301e8, RDX=0x0000000000000649
RSP=0x00007f5d70646380, RBP=0x00007f5d706463a0, RSI=0x00007f5d91178c48, RDI=0x00000000e0000000
R8 =0x00007f5d91178398, R9 =0x0000000000000003, R10=0x00007f5d914c9da0, R11=0x000000080044f048
R12=0x0000000000000000, R13=0x00007f5d8c0b1c00, R14=0x00007f5d8c000b80, R15=0x00007f5d914b7e40
RIP=0x00007f5d90bf5714, EFLAGS=0x0000000000010206, CSGSFS=0x002b000000000033, ERR=0x0000000000000006
  TRAPNO=0x000000000000000e

Top of Stack: (sp=0x00007f5d70646380)
0x00007f5d70646380:   00007f5d70646940 00007f5d8c0b1c00
0x00007f5d70646390:   00007f5d71e938c8 0000000800c409d8
0x00007f5d706463a0:   00007f5d70646500 00007f5d90bc12fe
0x00007f5d706463b0:   00007f5d706463e0 00007f5d70646440 

Instructions: (pc=0x00007f5d90bf5714)
0x00007f5d90bf5614:   30 e8 f6 cf e8 ff 4c 89 e7 e8 2e 48 d1 ff 84 db
0x00007f5d90bf5624:   75 2a 4d 85 ed 74 04 4d 8b 6d 00 48 83 c4 08 44
0x00007f5d90bf5634:   89 f9 4c 89 f2 4c 89 ee 5b 4c 89 e7 41 5c 41 5d
0x00007f5d90bf5644:   41 5e 41 5f 5d e9 e2 47 d1 ff 66 90 48 83 c4 08
0x00007f5d90bf5654:   5b 41 5c 41 5d 41 5e 41 5f 5d c3 90 31 d2 be 08
0x00007f5d90bf5664:   00 00 00 4c 89 ff e8 b1 78 a3 ff 49 89 c5 e9 37
0x00007f5d90bf5674:   ff ff ff 66 0f 1f 84 00 00 00 00 00 48 8b 7a 08
0x00007f5d90bf5684:   e9 6d ff ff ff 0f 1f 80 00 00 00 00 e8 5b 48 0a
0x00007f5d90bf5694:   00 84 c0 75 89 e9 6a ff ff ff 66 90 55 48 89 e5
0x00007f5d90bf56a4:   41 56 41 55 41 54 49 89 fc 53 48 89 f3 66 48 8d
0x00007f5d90bf56b4:   3d 27 5e 85 00 66 66 48 e8 df 43 8d ff 4c 8b 28
0x00007f5d90bf56c4:   8b 05 be 72 8a 00 85 c0 75 14 ba 01 00 00 00 48
0x00007f5d90bf56d4:   8d 0d ae 72 8a 00 f0 0f b1 11 85 c0 74 4e be c8
0x00007f5d90bf56e4:   00 00 00 4c 89 ef e8 01 0b 41 00 48 8d 05 12 ac
0x00007f5d90bf56f4:   85 00 49 89 d8 48 8d 0d e8 aa 53 00 ba 49 06 00
0x00007f5d90bf5704:   00 48 8d 35 3c 35 58 00 bf 00 00 00 e0 48 8b 00
0x00007f5d90bf5714:   c6 00 58 31 c0 e8 e2 91 c6 ff 5b 41 5c 41 5d 41
0x00007f5d90bf5724:   5e 5d e9 55 34 26 00 0f 1f 44 00 00 48 8d 05 81
0x00007f5d90bf5734:   a3 8b 00 48 89 df 4c 8b 30 e8 9e 43 8d ff 48 89
0x00007f5d90bf5744:   de 48 89 c2 49 8b 06 4c 89 f7 ff 50 08 4c 89 f7
0x00007f5d90bf5754:   e8 a7 5c 27 00 4d 85 e4 74 12 be 01 00 00 00 4c
0x00007f5d90bf5764:   89 e7 e8 35 43 fc ff eb 82 0f 1f 00 be 01 00 00
0x00007f5d90bf5774:   00 4c 89 ef e8 d3 fd ff ff e9 6d ff ff ff 66 66
0x00007f5d90bf5784:   2e 0f 1f 84 00 00 00 00 00 0f 1f 00 55 48 89 e5
0x00007f5d90bf5794:   41 57 41 56 41 55 41 54 53 48 81 ec 08 02 00 00
0x00007f5d90bf57a4:   64 48 8b 04 25 28 00 00 00 48 89 45 c8 8b 07 83
0x00007f5d90bf57b4:   f8 02 0f 84 11 04 00 00 4c 8b 6f 18 49 89 ff 49
0x00007f5d90bf57c4:   89 f4 4d 85 ed 74 14 4c 89 ef e8 5d 57 22 00 41
0x00007f5d90bf57d4:   8b 07 83 f8 02 0f 84 19 04 00 00 48 8d 1d 9a 06
0x00007f5d90bf57e4:   8a 00 4c 8d 35 0b 3c 58 00 eb 38 90 48 85 d2 7f
0x00007f5d90bf57f4:   0d 48 8d 05 b4 c0 85 00 48 83 38 00 7e 0e 41 8b
0x00007f5d90bf5804:   77 2c 4c 89 f7 31 c0 e8 a0 b2 f7 ff 49 8b 7f 18 


Stack slot to memory mapping:
stack at sp + 0 slots: 0x00007f5d70646940 is pointing into the stack for thread: 0x00007f5d8c0b1c00
stack at sp + 1 slots: 0x00007f5d8c0b1c00 is a thread
stack at sp + 2 slots: 0x00007f5d71e938c8 points into unknown readable memory: 0x65730018e552ffff | ff ff 52 e5 18 00 73 65
stack at sp + 3 slots: 0x0000000800c409d8 is a pointer to class: 
jdk.vm.ci.services.Services {0x0000000800c409d8}
 - instance size:     2
 - klass size:        65
 - access:            public final synchronized 
 - state:             fully_initialized
 - name:              'jdk/vm/ci/services/Services'
 - super:             'java/lang/Object'
 - sub:               
 - arrays:            NULL
 - methods:           Array<T>(0x00007f5d7103cd98)
 - method ordering:   Array<T>(0x0000000800928960)
 - default_methods:   Array<T>(0x0000000000000000)
 - local interfaces:  Array<T>(0x00000008005ce810)
 - trans. interfaces: Array<T>(0x00000008005ce810)
 - constants:         constant pool [427] {0x00007f5d7103be78} for 'jdk/vm/ci/services/Services' cache=0x00007f5d7103e068
 - class loader data:  loader data: 0x00007f5d8c027cc0 of 'bootstrap'
 - source file:       'Services.java'
 - class annotations:       Array<T>(0x0000000000000000)
 - class type annotations:  Array<T>(0x0000000000000000)
 - field annotations:       Array<T>(0x0000000000000000)
 - field type annotations:  Array<T>(0x0000000000000000)
 - inner classes:     Array<T>(0x00007f5d7103e038)
 - nest members:     Array<T>(0x00007f5d7103e058)
 - permitted subclasses:     Array<T>(0x00000008005ce7a0)
 - java mirror:       a 'java/lang/Class'{0x00000000e014b898} = 'jdk/vm/ci/services/Services'
 - vtable length      5  (start addr: 0x0000000800c40ba8)
 - itable length      2 (start addr: 0x0000000800c40bd0)
 - ---- static fields (3 words):
 - public static final 'IS_BUILDING_NATIVE_IMAGE' 'Z' @128 
 - public static final 'IS_IN_NATIVE_IMAGE' 'Z' @129 
 - private static volatile 'savedProperties' 'Ljava/util/Map;' @112 
 - static final 'JVMCI_ENABLED' 'Z' @130 
 - private static final 'servicesCache' 'Ljava/util/Map;' @116 
 - private static final 'MAX_UNICODE_IN_UTF8_LENGTH' 'I' @120 
 - private static final 'MAX_UTF8_PROPERTY_STRING_LENGTH' 'I' @124 
 - ---- non-static fields (0 words):
 - non-static oop maps: 
stack at sp + 4 slots: 0x00007f5d70646500 is pointing into the stack for thread: 0x00007f5d8c0b1c00
stack at sp + 5 slots: 0x00007f5d90bc12fe: <offset 0x000000000093e2fe> in /nix/store/gpxl5qgg8kicmcvivwmybwjlpf7wh20l-graalvm17-ce-22.3.0/lib/server/libjvm.so at 0x00007f5d90283000
stack at sp + 6 slots: 0x00007f5d706463e0 is pointing into the stack for thread: 0x00007f5d8c0b1c00
stack at sp + 7 slots: 0x00007f5d70646440 is pointing into the stack for thread: 0x00007f5d8c0b1c00


---------------  P R O C E S S  ---------------

Threads class SMR info:
_java_thread_list=0x00007f5cec000b70, length=23, elements={
0x00007f5d8c025f60, 0x00007f5d8c0a5f00, 0x00007f5d8c0a7340, 0x00007f5d8c0ada70,
0x00007f5d8c0aee20, 0x00007f5d8c0b0210, 0x00007f5d8c0b1c00, 0x00007f5d8c0b3110,
0x00007f5d8c0b4560, 0x00007f5d8c0d7730, 0x00007f5d8c11f620, 0x00007f5d8c32af60,
0x00007f5d8c35de30, 0x00007f5d8c360810, 0x00007f5d8c3458e0, 0x00007f5d20016e20,
0x00007f5d202b1070, 0x00007f5d2031cae0, 0x00007f5d2049d100, 0x00007f5d206072b0,
0x00007f5d8c402830, 0x00007f5d8c6265a0, 0x00007f5cf0000ff0
}

Java Threads: ( => current thread )
  0x00007f5d8c025f60 JavaThread "main" [_thread_blocked, id=41, stack(0x00007f5d9009e000,0x00007f5d9019e000)]
  0x00007f5d8c0a5f00 JavaThread "Reference Handler" daemon [_thread_blocked, id=44, stack(0x00007f5d70d2e000,0x00007f5d70e2e000)]
  0x00007f5d8c0a7340 JavaThread "Finalizer" daemon [_thread_blocked, id=45, stack(0x00007f5d70c2e000,0x00007f5d70d2e000)]
  0x00007f5d8c0ada70 JavaThread "Signal Dispatcher" daemon [_thread_blocked, id=46, stack(0x00007f5d70848000,0x00007f5d70948000)]
  0x00007f5d8c0aee20 JavaThread "Service Thread" daemon [_thread_blocked, id=47, stack(0x00007f5d70748000,0x00007f5d70848000)]
  0x00007f5d8c0b0210 JavaThread "Monitor Deflation Thread" daemon [_thread_blocked, id=48, stack(0x00007f5d70648000,0x00007f5d70748000)]
=>0x00007f5d8c0b1c00 JavaThread "JVMCI-native CompilerThread0" daemon [_thread_in_vm, id=49, stack(0x00007f5d70448000,0x00007f5d70648000)]
  0x00007f5d8c0b3110 JavaThread "C1 CompilerThread0" daemon [_thread_blocked, id=50, stack(0x00007f5d70248000,0x00007f5d70448000)]
  0x00007f5d8c0b4560 JavaThread "Sweeper thread" daemon [_thread_blocked, id=51, stack(0x00007f5d70148000,0x00007f5d70248000)]
  0x00007f5d8c0d7730 JavaThread "Common-Cleaner" daemon [_thread_blocked, id=52, stack(0x00007f5d70048000,0x00007f5d70148000)]
  0x00007f5d8c11f620 JavaThread "Notification Thread" daemon [_thread_blocked, id=53, stack(0x00007f5d43f00000,0x00007f5d44000000)]
  0x00007f5d8c32af60 JavaThread "Active Thread: Equinox Container: dd9ef798-7b7d-4682-b27c-3215903cd263" [_thread_blocked, id=66, stack(0x00007f5d40700000,0x00007f5d40800000)]
  0x00007f5d8c35de30 JavaThread "Framework Event Dispatcher: Equinox Container: dd9ef798-7b7d-4682-b27c-3215903cd263" daemon [_thread_blocked, id=72, stack(0x00007f5d40500000,0x00007f5d40600000)]
  0x00007f5d8c360810 JavaThread "Start Level: Equinox Container: dd9ef798-7b7d-4682-b27c-3215903cd263" daemon [_thread_blocked, id=73, stack(0x00007f5d40300000,0x00007f5d40400000)]
  0x00007f5d8c3458e0 JavaThread "Refresh Thread: Equinox Container: dd9ef798-7b7d-4682-b27c-3215903cd263" daemon [_thread_blocked, id=74, stack(0x00007f5d40100000,0x00007f5d40200000)]
  0x00007f5d20016e20 JavaThread "SCR Component Actor" daemon [_thread_blocked, id=81, stack(0x00007f5d3bf00000,0x00007f5d3c000000)]
  0x00007f5d202b1070 JavaThread "Worker-JM" [_thread_blocked, id=91, stack(0x00007f5d3bb00000,0x00007f5d3bc00000)]
  0x00007f5d2031cae0 JavaThread "Worker-0" [_thread_blocked, id=92, stack(0x00007f5d3b900000,0x00007f5d3ba00000)]
  0x00007f5d2049d100 JavaThread "Java indexing" daemon [_thread_blocked, id=106, stack(0x00007f5d3b500000,0x00007f5d3b600000)]
  0x00007f5d206072b0 JavaThread "Bundle File Closer" daemon [_thread_blocked, id=110, stack(0x00007f5d3b300000,0x00007f5d3b400000)]
  0x00007f5d8c402830 JavaThread "pool-3-thread-1" [_thread_blocked, id=120, stack(0x00007f5d3af00000,0x00007f5d3b000000)]
  0x00007f5d8c6265a0 JavaThread "pool-2-thread-1" [_thread_in_native, id=121, stack(0x00007f5d3bd00000,0x00007f5d3be00000)]
  0x00007f5cf0000ff0 JavaThread "Worker-4" [_thread_blocked, id=128, stack(0x00007f5d3ac00000,0x00007f5d3ad00000)]

Other Threads:
  0x00007f5d8c0a1640 VMThread "VM Thread" [stack: 0x00007f5d70e30000,0x00007f5d70f30000] [id=43] _threads_hazard_ptr=0x00007f5cec000b70
  0x00007f5d8c120fc0 WatcherThread [stack: 0x00007f5d43e00000,0x00007f5d43f00000] [id=54]
  0x00007f5d8c03d860 GCTaskThread "GC Thread#0" [stack: 0x00007f5d730dc000,0x00007f5d731dc000] [id=42]

Threads with active compile tasks:
JVMCI-native CompilerThread0  1397006 8440       4       java.util.concurrent.locks.ReentrantReadWriteLock$NonfairSync::readerShouldBlock (5 bytes)

VM state: synchronizing (normal execution)

VM Mutex/Monitor currently owned by a thread:  ([mutex/lock_event])
[0x00007f5d8c023110] Threads_lock - owner thread: 0x00007f5d8c0a1640
[0x00007f5d8c0238c0] Heap_lock - owner thread: 0x00007f5d2049d100

OutOfMemory and StackOverflow Exception counts:
OutOfMemoryError java_heap_errors=2
LinkageErrors=66

Heap address: 0x00000000e0000000, size: 512 MB, Compressed Oops mode: 32-bit

CDS archive(s) mapped at: [0x0000000800000000-0x0000000800bc8000-0x0000000800bc8000), size 12353536, SharedBaseAddress: 0x0000000800000000, ArchiveRelocationMode: 0.
Compressed class space mapped at: 0x0000000800c00000-0x0000000840c00000, reserved size: 1073741824
Narrow klass base: 0x0000000800000000, Narrow klass shift: 0, Narrow klass range: 0x100000000

GC Precious Log:
 CPUs: 8 total, 1 available
 Memory: 1024M
 Large Page Support: Disabled
 NUMA Support: Disabled
 Compressed Oops: Enabled (32-bit)
 Alignments: Space 512K, Generation 512K, Heap 2M
 Heap Min Capacity: 100M
 Heap Initial Capacity: 100M
 Heap Max Capacity: 512M
 Pre-touch: Disabled
 Parallel Workers: 1

Heap:
 PSYoungGen      total 39424K, used 28160K [0x00000000f5580000, 0x00000000f9600000, 0x0000000100000000)
  eden space 28160K, 100% used [0x00000000f5580000,0x00000000f7100000,0x00000000f7100000)
  from space 11264K, 0% used [0x00000000f7100000,0x00000000f7100000,0x00000000f7c00000)
  to   space 16384K, 0% used [0x00000000f8600000,0x00000000f8600000,0x00000000f9600000)
 ParOldGen       total 349696K, used 349695K [0x00000000e0000000, 0x00000000f5580000, 0x00000000f5580000)
  object space 349696K, 99% used [0x00000000e0000000,0x00000000f557ff88,0x00000000f5580000)
 Metaspace       used 58823K, committed 60032K, reserved 1105920K
  class space    used 5866K, committed 6336K, reserved 1048576K

Card table byte_map: [0x00007f5d731dc000,0x00007f5d732dd000] _byte_map_base: 0x00007f5d72adc000

Marking Bits: (ParMarkBitMap*) 0x00007f5d914b14c0
 Begin Bits: [0x00007f5d7202f000, 0x00007f5d7282f000)
 End Bits:   [0x00007f5d7282f000, 0x00007f5d7302f000)

Polling page: 0x00007f5d9007b000

Metaspace:

Usage:
  Non-class:     51.72 MB used.
      Class:      5.73 MB used.
       Both:     57.45 MB used.

Virtual space:
  Non-class space:       56.00 MB reserved,      52.44 MB ( 94%) committed,  7 nodes.
      Class space:        1.00 GB reserved,       6.19 MB ( <1%) committed,  1 nodes.
             Both:        1.05 GB reserved,      58.62 MB (  5%) committed. 

Chunk freelists:
   Non-Class:  3.05 MB
       Class:  1.93 MB
        Both:  4.99 MB

MaxMetaspaceSize: unlimited
CompressedClassSpaceSize: 1.00 GB
Initial GC threshold: 21.00 MB
Current GC threshold: 97.50 MB
CDS: on
MetaspaceReclaimPolicy: balanced
 - commit_granule_bytes: 65536.
 - commit_granule_words: 8192.
 - virtual_space_node_default_size: 1048576.
 - enlarge_chunks_in_place: 1.
 - new_chunks_are_fully_committed: 0.
 - uncommit_free_chunks: 1.
 - use_allocation_guard: 0.
 - handle_deallocations: 1.


Internal statistics:

num_allocs_failed_limit: 8.
num_arena_births: 496.
num_arena_deaths: 148.
num_vsnodes_births: 8.
num_vsnodes_deaths: 0.
num_space_committed: 937.
num_space_uncommitted: 0.
num_chunks_returned_to_freelist: 211.
num_chunks_taken_from_freelist: 2795.
num_chunk_merges: 82.
num_chunk_splits: 1808.
num_chunks_enlarged: 1137.
num_purges: 2.
num_inconsistent_stats: 0.

CodeHeap 'non-profiled nmethods': size=120036Kb used=2705Kb max_used=2705Kb free=117330Kb
 bounds [0x00007f5d7af7a000, 0x00007f5d7b22a000, 0x00007f5d824b3000]
CodeHeap 'profiled nmethods': size=120032Kb used=15001Kb max_used=15001Kb free=105030Kb
 bounds [0x00007f5d73a42000, 0x00007f5d748f2000, 0x00007f5d7af7a000]
CodeHeap 'non-nmethods': size=5692Kb used=1386Kb max_used=1409Kb free=4305Kb
 bounds [0x00007f5d734b3000, 0x00007f5d73723000, 0x00007f5d73a42000]
 total_blobs=7766 nmethods=7045 adapters=630
 compilation: enabled
              stopped_count=0, restarted_count=0
 full_count=0

JVMCI Events (20 events):
Event: 1119.140 Thread 0x00007f5d8c0b1c00 destroyed JavaVM[5]@0x00007f5d39f9e340 for JVMCI runtime 0
Event: 1119.140 Thread 0x00007f5d8c0b1c00 compacted oop handles in JVMCI runtime 0 from 52 to 52
Event: 1119.140 Thread 0x00007f5d8c0b1c00 releasing handles for JVMCI runtime 0: oop handles=52, metadata handles={total=96, live=92, blocks=31}
Event: 1119.140 Thread 0x00007f5d8c0b1c00 detached from JVMCI runtime 0
Event: 1154.404 Thread 0x00007f5d8c0b1c00 attached to JVMCI runtime 0
Event: 1154.407 Thread 0x00007f5d8c0b1c00 created JavaVM[6]@0x00007f5d39f9e340 for JVMCI runtime 0
Event: 1156.296 Thread 0x00007f5d8c0b1c00 initializing JVMCI runtime 0
Event: 1156.296 Thread 0x00007f5d8c0b1c00 done waiting for JavaVM references initialization in JVMCI runtime 0
Event: 1162.021 Thread 0x00007f5d8c0b1c00 initialized JVMCI runtime 0
Event: 1168.386 Thread 0x00007f5d8c0b1c00 detaching from JVMCI runtime 0: releasing idle compiler thread (0 other threads still attached)
Event: 1168.386 Thread 0x00007f5d8c0b1c00 shutting down HotSpotJVMCIRuntime for JVMCI runtime 0
Event: 1168.386 Thread 0x00007f5d8c0b1c00 shut down JVMCI runtime 0
Event: 1168.387 Thread 0x00007f5d8c0b1c00 destroyed JavaVM[6]@0x00007f5d39f9e340 for JVMCI runtime 0
Event: 1168.387 Thread 0x00007f5d8c0b1c00 compacted oop handles in JVMCI runtime 0 from 42 to 42
Event: 1168.387 Thread 0x00007f5d8c0b1c00 releasing handles for JVMCI runtime 0: oop handles=42, metadata handles={total=87, live=76, blocks=31}
Event: 1168.387 Thread 0x00007f5d8c0b1c00 detached from JVMCI runtime 0
Event: 1336.108 Thread 0x00007f5d8c0b1c00 attached to JVMCI runtime 0
Event: 1336.110 Thread 0x00007f5d8c0b1c00 created JavaVM[7]@0x00007f5d39f9e340 for JVMCI runtime 0
Event: 1338.240 Thread 0x00007f5d8c0b1c00 initializing JVMCI runtime 0
Event: 1338.240 Thread 0x00007f5d8c0b1c00 done waiting for JavaVM references initialization in JVMCI runtime 0

Compilation events (20 events):
Event: 915.022 Thread 0x00007f5d8c0b1c00 nmethod 8431 0x00007f5d7b21d610 code [0x00007f5d7b21d7a0, 0x00007f5d7b21d830]
Event: 920.789 Thread 0x00007f5d8c0b3110 8433       3       java.util.concurrent.ScheduledThreadPoolExecutor::canRunInCurrentRunState (61 bytes)
Event: 920.790 Thread 0x00007f5d8c0b3110 nmethod 8433 0x00007f5d748e3990 code [0x00007f5d748e3ba0, 0x00007f5d748e4640]
Event: 928.209 Thread 0x00007f5d8c0b1c00 8434       4       java.util.concurrent.locks.AbstractQueuedSynchronizer$ConditionObject::signal (34 bytes)
Event: 1114.548 Thread 0x00007f5d8c0b1c00 nmethod 8434 0x00007f5d7b21d910 code [0x00007f5d7b21daa0, 0x00007f5d7b21db90]
Event: 1154.404 Thread 0x00007f5d8c0b1c00 8435       4       jdk.internal.misc.Unsafe::weakCompareAndSetInt (11 bytes)
Event: 1166.156 Thread 0x00007f5d8c0b1c00 nmethod 8435 0x00007f5d7b21dc90 code [0x00007f5d7b21de00, 0x00007f5d7b21de50]
Event: 1240.335 Thread 0x00007f5d8c0b3110 8436       3       java.util.concurrent.locks.AbstractQueuedSynchronizer$Node::<init> (5 bytes)
Event: 1242.213 Thread 0x00007f5d8c0b3110 nmethod 8436 0x00007f5d748e4890 code [0x00007f5d748e4a40, 0x00007f5d748e4b90]
Event: 1258.830 Thread 0x00007f5d8c0b3110 8437       3       java.util.concurrent.ThreadPoolExecutor::workerCountOf (5 bytes)
Event: 1258.831 Thread 0x00007f5d8c0b3110 nmethod 8437 0x00007f5d748e4c90 code [0x00007f5d748e4e20, 0x00007f5d748e4f10]
Event: 1336.104 Thread 0x00007f5d8c0b3110 8439   !   3       java.util.concurrent.locks.AbstractQueuedSynchronizer::acquire (407 bytes)
Event: 1336.108 Thread 0x00007f5d8c0b1c00 8440       4       java.util.concurrent.locks.ReentrantReadWriteLock$NonfairSync::readerShouldBlock (5 bytes)
Event: 1338.288 Thread 0x00007f5d8c0b3110 nmethod 8439 0x00007f5d748e4f90 code [0x00007f5d748e5300, 0x00007f5d748e7120]
Event: 1363.613 Thread 0x00007f5d8c0b3110 8442       3       jdk.internal.misc.Unsafe::putIntOpaque (9 bytes)
Event: 1363.614 Thread 0x00007f5d8c0b3110 nmethod 8442 0x00007f5d748e7a10 code [0x00007f5d748e7ba0, 0x00007f5d748e7cb0]
Event: 1367.654 Thread 0x00007f5d8c0b3110 8443       3       java.util.concurrent.ScheduledThreadPoolExecutor$DelayedWorkQueue::setIndex (16 bytes)
Event: 1373.762 Thread 0x00007f5d8c0b3110 nmethod 8443 0x00007f5d748e7d90 code [0x00007f5d748e7f40, 0x00007f5d748e8510]
Event: 1373.762 Thread 0x00007f5d8c0b3110 8444       1       java.util.concurrent.ThreadPoolExecutor::getQueue (5 bytes)
Event: 1378.048 Thread 0x00007f5d8c0b3110 nmethod 8444 0x00007f5d7b21e310 code [0x00007f5d7b21e4a0, 0x00007f5d7b21e570]

GC Heap History (20 events):
Event: 1376.051 GC heap before
{Heap before GC invocations=647 (full 566):
 PSYoungGen      total 39424K, used 28160K [0x00000000f5580000, 0x00000000f9600000, 0x0000000100000000)
  eden space 28160K, 100% used [0x00000000f5580000,0x00000000f7100000,0x00000000f7100000)
  from space 11264K, 0% used [0x00000000f7100000,0x00000000f7100000,0x00000000f7c00000)
  to   space 16384K, 0% used [0x00000000f8600000,0x00000000f8600000,0x00000000f9600000)
 ParOldGen       total 349696K, used 349694K [0x00000000e0000000, 0x00000000f5580000, 0x00000000f5580000)
  object space 349696K, 99% used [0x00000000e0000000,0x00000000f557fa58,0x00000000f5580000)
 Metaspace       used 58823K, committed 60032K, reserved 1105920K
  class space    used 5866K, committed 6336K, reserved 1048576K
}
Event: 1378.048 GC heap after
{Heap after GC invocations=647 (full 566):
 PSYoungGen      total 44544K, used 28159K [0x00000000f5580000, 0x00000000f9600000, 0x0000000100000000)
  eden space 28160K, 99% used [0x00000000f5580000,0x00000000f70fffd0,0x00000000f7100000)
  from space 16384K, 0% used [0x00000000f8600000,0x00000000f8600000,0x00000000f9600000)
  to   space 11264K, 0% used [0x00000000f7100000,0x00000000f7100000,0x00000000f7c00000)
 ParOldGen       total 349696K, used 349694K [0x00000000e0000000, 0x00000000f5580000, 0x00000000f5580000)
  object space 349696K, 99% used [0x00000000e0000000,0x00000000f557fa58,0x00000000f5580000)
 Metaspace       used 58823K, committed 60032K, reserved 1105920K
  class space    used 5866K, committed 6336K, reserved 1048576K
}
Event: 1378.049 GC heap before
{Heap before GC invocations=648 (full 567):
 PSYoungGen      total 44544K, used 28160K [0x00000000f5580000, 0x00000000f9600000, 0x0000000100000000)
  eden space 28160K, 100% used [0x00000000f5580000,0x00000000f7100000,0x00000000f7100000)
  from space 16384K, 0% used [0x00000000f8600000,0x00000000f8600000,0x00000000f9600000)
  to   space 11264K, 0% used [0x00000000f7100000,0x00000000f7100000,0x00000000f7c00000)
 ParOldGen       total 349696K, used 349694K [0x00000000e0000000, 0x00000000f5580000, 0x00000000f5580000)
  object space 349696K, 99% used [0x00000000e0000000,0x00000000f557fa58,0x00000000f5580000)
 Metaspace       used 58823K, committed 60032K, reserved 1105920K
  class space    used 5866K, committed 6336K, reserved 1048576K
}
Event: 1380.101 GC heap after
{Heap after GC invocations=648 (full 567):
 PSYoungGen      total 39424K, used 28159K [0x00000000f5580000, 0x00000000f9600000, 0x0000000100000000)
  eden space 28160K, 99% used [0x00000000f5580000,0x00000000f70fffd0,0x00000000f7100000)
  from space 11264K, 0% used [0x00000000f7100000,0x00000000f7100000,0x00000000f7c00000)
  to   space 16384K, 0% used [0x00000000f8600000,0x00000000f8600000,0x00000000f9600000)
 ParOldGen       total 349696K, used 349694K [0x00000000e0000000, 0x00000000f5580000, 0x00000000f5580000)
  object space 349696K, 99% used [0x00000000e0000000,0x00000000f557fa58,0x00000000f5580000)
 Metaspace       used 58823K, committed 60032K, reserved 1105920K
  class space    used 5866K, committed 6336K, reserved 1048576K
}
Event: 1380.114 GC heap before
{Heap before GC invocations=649 (full 568):
 PSYoungGen      total 39424K, used 28160K [0x00000000f5580000, 0x00000000f9600000, 0x0000000100000000)
  eden space 28160K, 100% used [0x00000000f5580000,0x00000000f7100000,0x00000000f7100000)
  from space 11264K, 0% used [0x00000000f7100000,0x00000000f7100000,0x00000000f7c00000)
  to   space 16384K, 0% used [0x00000000f8600000,0x00000000f8600000,0x00000000f9600000)
 ParOldGen       total 349696K, used 349694K [0x00000000e0000000, 0x00000000f5580000, 0x00000000f5580000)
  object space 349696K, 99% used [0x00000000e0000000,0x00000000f557fa58,0x00000000f5580000)
 Metaspace       used 58823K, committed 60032K, reserved 1105920K
  class space    used 5866K, committed 6336K, reserved 1048576K
}
Event: 1382.692 GC heap after
{Heap after GC invocations=649 (full 568):
 PSYoungGen      total 44544K, used 28159K [0x00000000f5580000, 0x00000000f9600000, 0x0000000100000000)
  eden space 28160K, 99% used [0x00000000f5580000,0x00000000f70fffd0,0x00000000f7100000)
  from space 16384K, 0% used [0x00000000f8600000,0x00000000f8600000,0x00000000f9600000)
  to   space 11264K, 0% used [0x00000000f7100000,0x00000000f7100000,0x00000000f7c00000)
 ParOldGen       total 349696K, used 349694K [0x00000000e0000000, 0x00000000f5580000, 0x00000000f5580000)
  object space 349696K, 99% used [0x00000000e0000000,0x00000000f557fa58,0x00000000f5580000)
 Metaspace       used 58823K, committed 60032K, reserved 1105920K
  class space    used 5866K, committed 6336K, reserved 1048576K
}
Event: 1382.692 GC heap before
{Heap before GC invocations=650 (full 569):
 PSYoungGen      total 44544K, used 28160K [0x00000000f5580000, 0x00000000f9600000, 0x0000000100000000)
  eden space 28160K, 100% used [0x00000000f5580000,0x00000000f7100000,0x00000000f7100000)
  from space 16384K, 0% used [0x00000000f8600000,0x00000000f8600000,0x00000000f9600000)
  to   space 11264K, 0% used [0x00000000f7100000,0x00000000f7100000,0x00000000f7c00000)
 ParOldGen       total 349696K, used 349694K [0x00000000e0000000, 0x00000000f5580000, 0x00000000f5580000)
  object space 349696K, 99% used [0x00000000e0000000,0x00000000f557fa58,0x00000000f5580000)
 Metaspace       used 58823K, committed 60032K, reserved 1105920K
  class space    used 5866K, committed 6336K, reserved 1048576K
}
Event: 1385.169 GC heap after
{Heap after GC invocations=650 (full 569):
 PSYoungGen      total 39424K, used 28159K [0x00000000f5580000, 0x00000000f9600000, 0x0000000100000000)
  eden space 28160K, 99% used [0x00000000f5580000,0x00000000f70ffff0,0x00000000f7100000)
  from space 11264K, 0% used [0x00000000f7100000,0x00000000f7100000,0x00000000f7c00000)
  to   space 16384K, 0% used [0x00000000f8600000,0x00000000f8600000,0x00000000f9600000)
 ParOldGen       total 349696K, used 349694K [0x00000000e0000000, 0x00000000f5580000, 0x00000000f5580000)
  object space 349696K, 99% used [0x00000000e0000000,0x00000000f557fa58,0x00000000f5580000)
 Metaspace       used 58823K, committed 60032K, reserved 1105920K
  class space    used 5866K, committed 6336K, reserved 1048576K
}
Event: 1385.169 GC heap before
{Heap before GC invocations=651 (full 570):
 PSYoungGen      total 39424K, used 28160K [0x00000000f5580000, 0x00000000f9600000, 0x0000000100000000)
  eden space 28160K, 100% used [0x00000000f5580000,0x00000000f7100000,0x00000000f7100000)
  from space 11264K, 0% used [0x00000000f7100000,0x00000000f7100000,0x00000000f7c00000)
  to   space 16384K, 0% used [0x00000000f8600000,0x00000000f8600000,0x00000000f9600000)
 ParOldGen       total 349696K, used 349694K [0x00000000e0000000, 0x00000000f5580000, 0x00000000f5580000)
  object space 349696K, 99% used [0x00000000e0000000,0x00000000f557fa58,0x00000000f5580000)
 Metaspace       used 58823K, committed 60032K, reserved 1105920K
  class space    used 5866K, committed 6336K, reserved 1048576K
}
Event: 1387.195 GC heap after
{Heap after GC invocations=651 (full 570):
 PSYoungGen      total 44544K, used 28159K [0x00000000f5580000, 0x00000000f9600000, 0x0000000100000000)
  eden space 28160K, 99% used [0x00000000f5580000,0x00000000f70ffff0,0x00000000f7100000)
  from space 16384K, 0% used [0x00000000f8600000,0x00000000f8600000,0x00000000f9600000)
  to   space 11264K, 0% used [0x00000000f7100000,0x00000000f7100000,0x00000000f7c00000)
 ParOldGen       total 349696K, used 349694K [0x00000000e0000000, 0x00000000f5580000, 0x00000000f5580000)
  object space 349696K, 99% used [0x00000000e0000000,0x00000000f557fa58,0x00000000f5580000)
 Metaspace       used 58823K, committed 60032K, reserved 1105920K
  class space    used 5866K, committed 6336K, reserved 1048576K
}
Event: 1387.196 GC heap before
{Heap before GC invocations=652 (full 571):
 PSYoungGen      total 44544K, used 28160K [0x00000000f5580000, 0x00000000f9600000, 0x0000000100000000)
  eden space 28160K, 100% used [0x00000000f5580000,0x00000000f7100000,0x00000000f7100000)
  from space 16384K, 0% used [0x00000000f8600000,0x00000000f8600000,0x00000000f9600000)
  to   space 11264K, 0% used [0x00000000f7100000,0x00000000f7100000,0x00000000f7c00000)
 ParOldGen       total 349696K, used 349694K [0x00000000e0000000, 0x00000000f5580000, 0x00000000f5580000)
  object space 349696K, 99% used [0x00000000e0000000,0x00000000f557fa58,0x00000000f5580000)
 Metaspace       used 58823K, committed 60032K, reserved 1105920K
  class space    used 5866K, committed 6336K, reserved 1048576K
}
Event: 1389.197 GC heap after
{Heap after GC invocations=652 (full 571):
 PSYoungGen      total 39424K, used 28159K [0x00000000f5580000, 0x00000000f9600000, 0x0000000100000000)
  eden space 28160K, 99% used [0x00000000f5580000,0x00000000f70ffff0,0x00000000f7100000)
  from space 11264K, 0% used [0x00000000f7100000,0x00000000f7100000,0x00000000f7c00000)
  to   space 16384K, 0% used [0x00000000f8600000,0x00000000f8600000,0x00000000f9600000)
 ParOldGen       total 349696K, used 349694K [0x00000000e0000000, 0x00000000f5580000, 0x00000000f5580000)
  object space 349696K, 99% used [0x00000000e0000000,0x00000000f557fa58,0x00000000f5580000)
 Metaspace       used 58823K, committed 60032K, reserved 1105920K
  class space    used 5866K, committed 6336K, reserved 1048576K
}
Event: 1389.198 GC heap before
{Heap before GC invocations=653 (full 572):
 PSYoungGen      total 39424K, used 28160K [0x00000000f5580000, 0x00000000f9600000, 0x0000000100000000)
  eden space 28160K, 100% used [0x00000000f5580000,0x00000000f7100000,0x00000000f7100000)
  from space 11264K, 0% used [0x00000000f7100000,0x00000000f7100000,0x00000000f7c00000)
  to   space 16384K, 0% used [0x00000000f8600000,0x00000000f8600000,0x00000000f9600000)
 ParOldGen       total 349696K, used 349694K [0x00000000e0000000, 0x00000000f5580000, 0x00000000f5580000)
  object space 349696K, 99% used [0x00000000e0000000,0x00000000f557fa58,0x00000000f5580000)
 Metaspace       used 58823K, committed 60032K, reserved 1105920K
  class space    used 5866K, committed 6336K, reserved 1048576K
}
Event: 1391.089 GC heap after
{Heap after GC invocations=653 (full 572):
 PSYoungGen      total 44544K, used 28159K [0x00000000f5580000, 0x00000000f9600000, 0x0000000100000000)
  eden space 28160K, 99% used [0x00000000f5580000,0x00000000f70ffff0,0x00000000f7100000)
  from space 16384K, 0% used [0x00000000f8600000,0x00000000f8600000,0x00000000f9600000)
  to   space 11264K, 0% used [0x00000000f7100000,0x00000000f7100000,0x00000000f7c00000)
 ParOldGen       total 349696K, used 349694K [0x00000000e0000000, 0x00000000f5580000, 0x00000000f5580000)
  object space 349696K, 99% used [0x00000000e0000000,0x00000000f557fa58,0x00000000f5580000)
 Metaspace       used 58823K, committed 60032K, reserved 1105920K
  class space    used 5866K, committed 6336K, reserved 1048576K
}
Event: 1391.095 GC heap before
{Heap before GC invocations=654 (full 573):
 PSYoungGen      total 44544K, used 28160K [0x00000000f5580000, 0x00000000f9600000, 0x0000000100000000)
  eden space 28160K, 100% used [0x00000000f5580000,0x00000000f7100000,0x00000000f7100000)
  from space 16384K, 0% used [0x00000000f8600000,0x00000000f8600000,0x00000000f9600000)
  to   space 11264K, 0% used [0x00000000f7100000,0x00000000f7100000,0x00000000f7c00000)
 ParOldGen       total 349696K, used 349694K [0x00000000e0000000, 0x00000000f5580000, 0x00000000f5580000)
  object space 349696K, 99% used [0x00000000e0000000,0x00000000f557fa58,0x00000000f5580000)
 Metaspace       used 58823K, committed 60032K, reserved 1105920K
  class space    used 5866K, committed 6336K, reserved 1048576K
}
Event: 1393.007 GC heap after
{Heap after GC invocations=654 (full 573):
 PSYoungGen      total 39424K, used 28159K [0x00000000f5580000, 0x00000000f9600000, 0x0000000100000000)
  eden space 28160K, 99% used [0x00000000f5580000,0x00000000f70ffff0,0x00000000f7100000)
  from space 11264K, 0% used [0x00000000f7100000,0x00000000f7100000,0x00000000f7c00000)
  to   space 16384K, 0% used [0x00000000f8600000,0x00000000f8600000,0x00000000f9600000)
 ParOldGen       total 349696K, used 349694K [0x00000000e0000000, 0x00000000f5580000, 0x00000000f5580000)
  object space 349696K, 99% used [0x00000000e0000000,0x00000000f557fa58,0x00000000f5580000)
 Metaspace       used 58823K, committed 60032K, reserved 1105920K
  class space    used 5866K, committed 6336K, reserved 1048576K
}
Event: 1393.008 GC heap before
{Heap before GC invocations=655 (full 574):
 PSYoungGen      total 39424K, used 28160K [0x00000000f5580000, 0x00000000f9600000, 0x0000000100000000)
  eden space 28160K, 100% used [0x00000000f5580000,0x00000000f7100000,0x00000000f7100000)
  from space 11264K, 0% used [0x00000000f7100000,0x00000000f7100000,0x00000000f7c00000)
  to   space 16384K, 0% used [0x00000000f8600000,0x00000000f8600000,0x00000000f9600000)
 ParOldGen       total 349696K, used 349695K [0x00000000e0000000, 0x00000000f5580000, 0x00000000f5580000)
  object space 349696K, 99% used [0x00000000e0000000,0x00000000f557fd30,0x00000000f5580000)
 Metaspace       used 58823K, committed 60032K, reserved 1105920K
  class space    used 5866K, committed 6336K, reserved 1048576K
}
Event: 1394.835 GC heap after
{Heap after GC invocations=655 (full 574):
 PSYoungGen      total 44544K, used 28159K [0x00000000f5580000, 0x00000000f9600000, 0x0000000100000000)
  eden space 28160K, 99% used [0x00000000f5580000,0x00000000f70ffff0,0x00000000f7100000)
  from space 16384K, 0% used [0x00000000f8600000,0x00000000f8600000,0x00000000f9600000)
  to   space 11264K, 0% used [0x00000000f7100000,0x00000000f7100000,0x00000000f7c00000)
 ParOldGen       total 349696K, used 349695K [0x00000000e0000000, 0x00000000f5580000, 0x00000000f5580000)
  object space 349696K, 99% used [0x00000000e0000000,0x00000000f557fca0,0x00000000f5580000)
 Metaspace       used 58823K, committed 60032K, reserved 1105920K
  class space    used 5866K, committed 6336K, reserved 1048576K
}
Event: 1394.835 GC heap before
{Heap before GC invocations=656 (full 575):
 PSYoungGen      total 44544K, used 28159K [0x00000000f5580000, 0x00000000f9600000, 0x0000000100000000)
  eden space 28160K, 99% used [0x00000000f5580000,0x00000000f70ffff0,0x00000000f7100000)
  from space 16384K, 0% used [0x00000000f8600000,0x00000000f8600000,0x00000000f9600000)
  to   space 11264K, 0% used [0x00000000f7100000,0x00000000f7100000,0x00000000f7c00000)
 ParOldGen       total 349696K, used 349695K [0x00000000e0000000, 0x00000000f5580000, 0x00000000f5580000)
  object space 349696K, 99% used [0x00000000e0000000,0x00000000f557fca0,0x00000000f5580000)
 Metaspace       used 58823K, committed 60032K, reserved 1105920K
  class space    used 5866K, committed 6336K, reserved 1048576K
}
Event: 1396.925 GC heap after
{Heap after GC invocations=656 (full 575):
 PSYoungGen      total 39424K, used 28159K [0x00000000f5580000, 0x00000000f9600000, 0x0000000100000000)
  eden space 28160K, 99% used [0x00000000f5580000,0x00000000f70ffff0,0x00000000f7100000)
  from space 11264K, 0% used [0x00000000f7100000,0x00000000f7100000,0x00000000f7c00000)
  to   space 16384K, 0% used [0x00000000f8600000,0x00000000f8600000,0x00000000f9600000)
 ParOldGen       total 349696K, used 349695K [0x00000000e0000000, 0x00000000f5580000, 0x00000000f5580000)
  object space 349696K, 99% used [0x00000000e0000000,0x00000000f557fca0,0x00000000f5580000)
 Metaspace       used 58823K, committed 60032K, reserved 1105920K
  class space    used 5866K, committed 6336K, reserved 1048576K
}

Dll operation events (9 events):
Event: 0.004 Loaded shared library /nix/store/gpxl5qgg8kicmcvivwmybwjlpf7wh20l-graalvm17-ce-22.3.0/lib/libjava.so
Event: 0.030 Loaded shared library /nix/store/gpxl5qgg8kicmcvivwmybwjlpf7wh20l-graalvm17-ce-22.3.0/lib/libjsvml.so
Event: 0.232 Loaded shared library /nix/store/gpxl5qgg8kicmcvivwmybwjlpf7wh20l-graalvm17-ce-22.3.0/lib/libjvmcicompiler.so
Event: 0.248 Loaded shared library /nix/store/gpxl5qgg8kicmcvivwmybwjlpf7wh20l-graalvm17-ce-22.3.0/lib/libnio.so
Event: 0.300 Loaded shared library /nix/store/gpxl5qgg8kicmcvivwmybwjlpf7wh20l-graalvm17-ce-22.3.0/lib/libzip.so
Event: 0.803 Loaded shared library /nix/store/gpxl5qgg8kicmcvivwmybwjlpf7wh20l-graalvm17-ce-22.3.0/lib/libjimage.so
Event: 1.418 Loaded shared library /nix/store/gpxl5qgg8kicmcvivwmybwjlpf7wh20l-graalvm17-ce-22.3.0/lib/libnet.so
Event: 6.187 Loaded shared library /home/runner/.cache/jdt-language-server/config/org.eclipse.equinox.launcher/org.eclipse.equinox.launcher.gtk.linux.x86_64_1.2.400.v20211117-0650/eclipse_11600.so
Event: 18.400 Loaded shared library /nix/store/gpxl5qgg8kicmcvivwmybwjlpf7wh20l-graalvm17-ce-22.3.0/lib/libextnet.so

Deoptimization events (20 events):
Event: 87.210 Thread 0x00007f5d2049d100 DEOPT PACKING pc=0x00007f5d748dc485 sp=0x00007f5d3b5fe530
Event: 87.210 Thread 0x00007f5d2049d100 DEOPT UNPACKING pc=0x00007f5d73505325 sp=0x00007f5d3b5fda20 mode 0
Event: 87.213 Thread 0x00007f5d2049d100 DEOPT PACKING pc=0x00007f5d748dc414 sp=0x00007f5d3b5fe530
Event: 87.216 Thread 0x00007f5d2049d100 DEOPT UNPACKING pc=0x00007f5d73505325 sp=0x00007f5d3b5fda20 mode 0
Event: 87.220 Thread 0x00007f5d2049d100 DEOPT PACKING pc=0x00007f5d748dc485 sp=0x00007f5d3b5fe530
Event: 87.220 Thread 0x00007f5d2049d100 DEOPT UNPACKING pc=0x00007f5d73505325 sp=0x00007f5d3b5fda20 mode 0
Event: 87.222 Thread 0x00007f5d2049d100 DEOPT PACKING pc=0x00007f5d748dc414 sp=0x00007f5d3b5fe530
Event: 87.222 Thread 0x00007f5d2049d100 DEOPT UNPACKING pc=0x00007f5d73505325 sp=0x00007f5d3b5fda20 mode 0
Event: 87.302 Thread 0x00007f5d2049d100 DEOPT PACKING pc=0x00007f5d748dc485 sp=0x00007f5d3b5fe530
Event: 87.302 Thread 0x00007f5d2049d100 DEOPT UNPACKING pc=0x00007f5d73505325 sp=0x00007f5d3b5fda20 mode 0
Event: 87.318 Thread 0x00007f5d2049d100 DEOPT PACKING pc=0x00007f5d748dc485 sp=0x00007f5d3b5fe530
Event: 87.318 Thread 0x00007f5d2049d100 DEOPT UNPACKING pc=0x00007f5d73505325 sp=0x00007f5d3b5fda20 mode 0
Event: 597.627 Thread 0x00007f5d8c0b1c00 Uncommon trap: trap_request=0xffffffcd fr.pc=0x00007f5d7b1f370e relative=0x0000000000000d6e
Event: 597.627 Thread 0x00007f5d8c0b1c00 Uncommon trap: reason=intrinsic_or_type_checked_inlining action=reinterpret pc=0x00007f5d7b1f370e method=java.io.DataOutputStream.write([BII)V @ 0 jvmci
Event: 597.627 Thread 0x00007f5d8c0b1c00 DEOPT PACKING pc=0x00007f5d7b1f370e sp=0x00007f5d70645fe0
Event: 597.627 Thread 0x00007f5d8c0b1c00 DEOPT UNPACKING pc=0x00007f5d73505325 sp=0x00007f5d706453b8 mode 3
Event: 1373.762 Thread 0x00007f5d2049d100 Uncommon trap: trap_request=0xffffff8f fr.pc=0x00007f5d7b213da2 relative=0x00000000000011e2
Event: 1373.762 Thread 0x00007f5d2049d100 Uncommon trap: reason=constraint action=none pc=0x00007f5d7b213da2 method=org.eclipse.jdt.internal.core.index.DiskIndex.copyQueryResults(Lorg/eclipse/jdt/internal/compiler/util/HashtableOfObject;I)V @ 123 jvmci
Event: 1376.051 Thread 0x00007f5d2049d100 DEOPT PACKING pc=0x00007f5d7b213da2 sp=0x00007f5d3b5fe530
Event: 1376.051 Thread 0x00007f5d2049d100 DEOPT UNPACKING pc=0x00007f5d73505325 sp=0x00007f5d3b5fda28 mode 3

Classes unloaded (20 events):
Event: 103.287 Thread 0x00007f5d8c0a1640 Unloading class 0x0000000800f04000 'jdk/internal/reflect/GeneratedConstructorAccessor10'
Event: 103.287 Thread 0x00007f5d8c0a1640 Unloading class 0x0000000800d99000 'java/lang/invoke/LambdaForm$MH+0x0000000800d99000'
Event: 103.287 Thread 0x00007f5d8c0a1640 Unloading class 0x0000000800d98c00 'java/lang/invoke/LambdaForm$MH+0x0000000800d98c00'
Event: 103.287 Thread 0x00007f5d8c0a1640 Unloading class 0x0000000800d98800 'java/lang/invoke/LambdaForm$MH+0x0000000800d98800'
Event: 103.287 Thread 0x00007f5d8c0a1640 Unloading class 0x0000000800d98400 'java/lang/invoke/LambdaForm$MH+0x0000000800d98400'
Event: 103.287 Thread 0x00007f5d8c0a1640 Unloading class 0x0000000800d98000 'jdk/internal/reflect/GeneratedConstructorAccessor3'
Event: 103.287 Thread 0x00007f5d8c0a1640 Unloading class 0x0000000800d06800 'java/lang/invoke/LambdaForm$MH+0x0000000800d06800'
Event: 103.287 Thread 0x00007f5d8c0a1640 Unloading class 0x0000000800d06000 'java/lang/invoke/LambdaForm$MH+0x0000000800d06000'
Event: 103.287 Thread 0x00007f5d8c0a1640 Unloading class 0x0000000800d05c00 'java/lang/invoke/LambdaForm$MH+0x0000000800d05c00'
Event: 103.287 Thread 0x00007f5d8c0a1640 Unloading class 0x0000000800d05800 'java/lang/invoke/LambdaForm$MH+0x0000000800d05800'
Event: 103.287 Thread 0x00007f5d8c0a1640 Unloading class 0x0000000800d05000 'java/lang/invoke/LambdaForm$MH+0x0000000800d05000'
Event: 103.287 Thread 0x00007f5d8c0a1640 Unloading class 0x0000000800d04c00 'java/lang/invoke/LambdaForm$MH+0x0000000800d04c00'
Event: 103.287 Thread 0x00007f5d8c0a1640 Unloading class 0x0000000800d04800 'java/lang/invoke/LambdaForm$MH+0x0000000800d04800'
Event: 103.287 Thread 0x00007f5d8c0a1640 Unloading class 0x0000000800d04000 'java/lang/invoke/LambdaForm$MH+0x0000000800d04000'
Event: 103.287 Thread 0x00007f5d8c0a1640 Unloading class 0x0000000800c1d000 'jdk/internal/reflect/GeneratedMethodAccessor5'
Event: 103.287 Thread 0x00007f5d8c0a1640 Unloading class 0x0000000800c1cc00 'jdk/internal/reflect/GeneratedMethodAccessor4'
Event: 103.287 Thread 0x00007f5d8c0a1640 Unloading class 0x0000000800c1c800 'jdk/internal/reflect/GeneratedMethodAccessor3'
Event: 103.287 Thread 0x00007f5d8c0a1640 Unloading class 0x0000000800c1c400 'jdk/internal/reflect/GeneratedMethodAccessor2'
Event: 103.287 Thread 0x00007f5d8c0a1640 Unloading class 0x0000000800c1c000 'jdk/internal/reflect/GeneratedMethodAccessor1'
Event: 103.287 Thread 0x00007f5d8c0a1640 Unloading class 0x0000000800c01c00 'java/lang/invoke/LambdaForm$DMH+0x0000000800c01c00'

Classes redefined (0 events):
No events

Internal exceptions (20 events):
Event: 48.587 Thread 0x00007f5cf0000ff0 Exception <a 'java/lang/NoSuchMethodError'{0x00000000f61e5218}: static [Lorg/eclipse/core/runtime/IPath;.<clinit>()V> (0x00000000f61e5218) 
thrown [src/hotspot/share/prims/jni.cpp, line 1107]
Event: 48.722 Thread 0x00007f5cf0000ff0 Exception <a 'java/lang/NoSuchMethodError'{0x00000000f6429030}: static [J.<clinit>()V> (0x00000000f6429030) 
thrown [src/hotspot/share/prims/jni.cpp, line 1107]
Event: 53.399 Thread 0x00007f5cf0000ff0 Exception <a 'java/lang/NoSuchMethodError'{0x00000000f6259068}: 'java.lang.Object java.lang.invoke.DirectMethodHandle$Holder.invokeStatic(java.lang.Object, java.lang.Object, java.lang.Object, long)'> (0x00000000f6259068) 
thrown [src/hotspot/share/interpreter/linkResolver.cpp, line 758]
Event: 53.404 Thread 0x00007f5cf0000ff0 Exception <a 'java/lang/NoSuchMethodError'{0x00000000f62625a0}: 'java.lang.Object java.lang.invoke.DirectMethodHandle$Holder.newInvokeSpecial(java.lang.Object, java.lang.Object, java.lang.Object, long)'> (0x00000000f62625a0) 
thrown [src/hotspot/share/interpreter/linkResolver.cpp, line 758]
Event: 53.405 Thread 0x00007f5cf0000ff0 Exception <a 'java/lang/NoSuchMethodError'{0x00000000f6267420}: 'java.lang.Object java.lang.invoke.DirectMethodHandle$Holder.invokeSpecial(java.lang.Object, java.lang.Object, java.lang.Object, java.lang.Object, long)'> (0x00000000f6267420) 
thrown [src/hotspot/share/interpreter/linkResolver.cpp, line 758]
Event: 53.405 Thread 0x00007f5cf0000ff0 Exception <a 'java/lang/NoSuchMethodError'{0x00000000f62b08c8}: 'java.lang.Object java.lang.invoke.Invokers$Holder.linkToTargetMethod(java.lang.Object, java.lang.Object, long, java.lang.Object)'> (0x00000000f62b08c8) 
thrown [src/hotspot/share/interpreter/linkResolver.cpp, line 758]
Event: 53.410 Thread 0x00007f5cf0000ff0 Exception <a 'java/io/FileNotFoundException'{0x00000000f62ec768}> (0x00000000f62ec768) 
thrown [src/hotspot/share/prims/jni.cpp, line 516]
Event: 53.526 Thread 0x00007f5cf0000ff0 Exception <a 'java/lang/NoSuchMethodError'{0x00000000f6511cb8}: 'java.lang.Object java.lang.invoke.DirectMethodHandle$Holder.newInvokeSpecial(java.lang.Object, java.lang.Object, int, java.lang.Object, java.lang.Object)'> (0x00000000f6511cb8) 
thrown [src/hotspot/share/interpreter/linkResolver.cpp, line 758]
Event: 53.532 Thread 0x00007f5cf0000ff0 Exception <a 'java/lang/NoSuchMethodError'{0x00000000f65a0580}: 'java.lang.Object java.lang.invoke.DirectMethodHandle$Holder.invokeSpecial(java.lang.Object, java.lang.Object, java.lang.Object, int, java.lang.Object, java.lang.Object)'> (0x00000000f65a0580) 
thrown [src/hotspot/share/interpreter/linkResolver.cpp, line 758]
Event: 53.992 Thread 0x00007f5cf0000ff0 Exception <a 'java/lang/NoSuchMethodError'{0x00000000f594f6d0}: 'java.lang.Object java.lang.invoke.DirectMethodHandle$Holder.newInvokeSpecial(java.lang.Object, java.lang.Object, java.lang.Object, int, java.lang.Object)'> (0x00000000f594f6d0) 
thrown [src/hotspot/share/interpreter/linkResolver.cpp, line 758]
Event: 53.993 Thread 0x00007f5cf0000ff0 Exception <a 'java/lang/NoSuchMethodError'{0x00000000f59a0ae0}: 'java.lang.Object java.lang.invoke.DirectMethodHandle$Holder.invokeSpecial(java.lang.Object, java.lang.Object, java.lang.Object, java.lang.Object, int, java.lang.Object)'> (0x00000000f59a0ae0) 
thrown [src/hotspot/share/interpreter/linkResolver.cpp, line 758]
Event: 53.993 Thread 0x00007f5cf0000ff0 Exception <a 'java/lang/NoSuchMethodError'{0x00000000f59ef0e0}: 'java.lang.Object java.lang.invoke.Invokers$Holder.linkToTargetMethod(java.lang.Object, java.lang.Object, int, java.lang.Object, java.lang.Object)'> (0x00000000f59ef0e0) 
thrown [src/hotspot/share/interpreter/linkResolver.cpp, line 758]
Event: 56.625 Thread 0x00007f5d10180200 Implicit null exception at 0x00007f5d7b0d6669 to 0x00007f5d7b0d681b
Event: 61.011 Thread 0x00007f5d10180200 Exception <a 'java/lang/NoSuchMethodError'{0x00000000f6762b10}: 'java.lang.Object java.lang.invoke.DirectMethodHandle$Holder.invokeStatic(java.lang.Object, int, java.lang.Object, java.lang.Object, java.lang.Object, java.lang.Object)'> (0x00000000f6762b10) 
thrown [src/hotspot/share/interpreter/linkResolver.cpp, line 758]
Event: 61.012 Thread 0x00007f5d10180200 Exception <a 'java/lang/NoSuchMethodError'{0x00000000f6812da8}: 'java.lang.Object java.lang.invoke.DirectMethodHandle$Holder.newInvokeSpecial(java.lang.Object, int, java.lang.Object, java.lang.Object, java.lang.Object)'> (0x00000000f6812da8) 
thrown [src/hotspot/share/interpreter/linkResolver.cpp, line 758]
Event: 61.786 Thread 0x00007f5d10180200 Exception <a 'java/lang/NoSuchMethodError'{0x00000000f691dbc8}: 'void java.lang.invoke.DirectMethodHandle$Holder.invokeSpecial(java.lang.Object, java.lang.Object, int)'> (0x00000000f691dbc8) 
thrown [src/hotspot/share/interpreter/linkResolver.cpp, line 758]
Event: 62.727 Thread 0x00007f5d10180200 Exception <a 'java/lang/NoSuchMethodError'{0x00000000f60fa6b8}: 'int java.lang.invoke.DirectMethodHandle$Holder.invokeSpecialIFC(java.lang.Object, java.lang.Object, java.lang.Object, java.lang.Object)'> (0x00000000f60fa6b8) 
thrown [src/hotspot/share/interpreter/linkResolver.cpp, line 758]
Event: 1373.762 Thread 0x00007f5d2049d100 Exception <a 'java/lang/OutOfMemoryError'{0x00000000e0004618}> (0x00000000e0004618) 
thrown [src/hotspot/share/gc/shared/memAllocator.cpp, line 138]
Event: 1373.762 Thread 0x00007f5d2049d100 Implicit null exception at 0x00007f5d7b2137f3 to 0x00007f5d7b213d87
Event: 1396.925 Thread 0x00007f5d8c0b1c00 Exception <a 'java/lang/OutOfMemoryError'{0x00000000e0003ad8}> (0x00000000e0003ad8) 
thrown [src/hotspot/share/gc/shared/memAllocator.cpp, line 136]

VM Operations (20 events):
Event: 1376.051 Executing VM operation: ParallelGCFailedAllocation done
Event: 1376.051 Executing VM operation: ParallelGCFailedAllocation
Event: 1378.048 Executing VM operation: ParallelGCFailedAllocation done
Event: 1378.049 Executing VM operation: ParallelGCFailedAllocation
Event: 1380.102 Executing VM operation: ParallelGCFailedAllocation done
Event: 1380.112 Executing VM operation: ParallelGCFailedAllocation
Event: 1382.692 Executing VM operation: ParallelGCFailedAllocation done
Event: 1382.692 Executing VM operation: ParallelGCFailedAllocation
Event: 1385.169 Executing VM operation: ParallelGCFailedAllocation done
Event: 1385.169 Executing VM operation: ParallelGCFailedAllocation
Event: 1387.196 Executing VM operation: ParallelGCFailedAllocation done
Event: 1387.196 Executing VM operation: ParallelGCFailedAllocation
Event: 1389.197 Executing VM operation: ParallelGCFailedAllocation done
Event: 1389.198 Executing VM operation: ParallelGCFailedAllocation
Event: 1391.089 Executing VM operation: ParallelGCFailedAllocation done
Event: 1391.095 Executing VM operation: ParallelGCFailedAllocation
Event: 1393.007 Executing VM operation: ParallelGCFailedAllocation done
Event: 1393.008 Executing VM operation: ParallelGCFailedAllocation
Event: 1396.925 Executing VM operation: ParallelGCFailedAllocation done
Event: 1396.925 Executing VM operation: ParallelGCFailedAllocation

Events (20 events):
Event: 56.625 loading class java/nio/channels/AsynchronousCloseException done
Event: 56.625 loading class java/nio/channels/ClosedByInterruptException done
Event: 58.897 Thread 0x00007f5d8c0b4560 flushing nmethod 0x00007f5d74392c10
Event: 58.898 Thread 0x00007f5d8c0b4560 flushing nmethod 0x00007f5d74418190
Event: 59.806 loading class java/util/Collections$SynchronizedRandomAccessList
Event: 59.806 loading class java/util/Collections$SynchronizedList
Event: 59.806 loading class java/util/Collections$SynchronizedList done
Event: 59.806 loading class java/util/Collections$SynchronizedRandomAccessList done
Event: 61.547 Thread 0x00007f5d8c21e850 Thread exited: 0x00007f5d8c21e850
Event: 62.220 loading class java/util/AbstractList$SubList
Event: 62.220 loading class java/util/AbstractList$SubList done
Event: 62.986 Thread 0x00007f5d10180200 Thread exited: 0x00007f5d10180200
Event: 104.720 Thread 0x00007f5ce80044f0 Thread exited: 0x00007f5ce80044f0
Event: 104.720 Thread 0x00007f5cf0443780 Thread exited: 0x00007f5cf0443780
Event: 120.089 Thread 0x00007f5cf8001130 Thread exited: 0x00007f5cf8001130
Event: 124.601 Thread 0x00007f5d080010d0 Thread exited: 0x00007f5d080010d0
Event: 126.791 Thread 0x00007f5d0c000ff0 Thread exited: 0x00007f5d0c000ff0
Event: 374.631 Thread 0x00007f5cf043c570 Thread exited: 0x00007f5cf043c570
Event: 387.297 Thread 0x00007f5ce80036a0 Thread exited: 0x00007f5ce80036a0
Event: 433.726 Thread 0x00007f5cf043cfa0 Thread exited: 0x00007f5cf043cfa0


Dynamic libraries:
e0000000-f5180000 rw-p 00000000 00:00 0 
f5180000-f9600000 rw-p 00000000 00:00 0 
f9600000-100000000 ---p 00000000 00:00 0 
800000000-800449000 rw-p 00001000 00:b46 707969865                       /nix/store/gpxl5qgg8kicmcvivwmybwjlpf7wh20l-graalvm17-ce-22.3.0/lib/server/classes.jsa
800449000-800bc8000 r--p 0044a000 00:b46 707969865                       /nix/store/gpxl5qgg8kicmcvivwmybwjlpf7wh20l-graalvm17-ce-22.3.0/lib/server/classes.jsa
800bc8000-800c00000 ---p 00000000 00:00 0 
800c00000-800c10000 rw-p 00000000 00:00 0 
800c10000-800c30000 rw-p 00000000 00:00 0 
800c30000-800cb0000 rw-p 00000000 00:00 0 
800cb0000-800cf0000 rw-p 00000000 00:00 0 
800cf0000-800db0000 rw-p 00000000 00:00 0 
800db0000-800df0000 rw-p 00000000 00:00 0 
800df0000-800f30000 rw-p 00000000 00:00 0 
800f30000-800ff0000 rw-p 00000000 00:00 0 
800ff0000-801230000 rw-p 00000000 00:00 0 
801230000-840c00000 ---p 00000000 00:00 0 
561df656b000-561df656c000 r-xp 00000000 00:b46 672029940                 /nix/store/gpxl5qgg8kicmcvivwmybwjlpf7wh20l-graalvm17-ce-22.3.0/bin/.java-wrapped
561df656d000-561df656e000 r--p 00001000 00:b46 672029940                 /nix/store/gpxl5qgg8kicmcvivwmybwjlpf7wh20l-graalvm17-ce-22.3.0/bin/.java-wrapped
561df656e000-561df656f000 rw-p 00002000 00:b46 672029940                 /nix/store/gpxl5qgg8kicmcvivwmybwjlpf7wh20l-graalvm17-ce-22.3.0/bin/.java-wrapped
561df656f000-561df6570000 rw-p 00004000 00:b46 672029940                 /nix/store/gpxl5qgg8kicmcvivwmybwjlpf7wh20l-graalvm17-ce-22.3.0/bin/.java-wrapped
561df6570000-561df6571000 rw-p 00005000 00:b46 672029940                 /nix/store/gpxl5qgg8kicmcvivwmybwjlpf7wh20l-graalvm17-ce-22.3.0/bin/.java-wrapped
561df7467000-561df74af000 rw-p 00000000 00:00 0                          [heap]
7f5cc8000000-7f5cc8289000 rw-p 00000000 00:00 0 
7f5cc8289000-7f5ccc000000 ---p 00000000 00:00 0 
7f5cd0000000-7f5cd0021000 rw-p 00000000 00:00 0 
7f5cd0021000-7f5cd4000000 ---p 00000000 00:00 0 
7f5cd4000000-7f5cd4021000 rw-p 00000000 00:00 0 
7f5cd4021000-7f5cd8000000 ---p 00000000 00:00 0 
7f5cd8000000-7f5cd8021000 rw-p 00000000 00:00 0 
7f5cd8021000-7f5cdc000000 ---p 00000000 00:00 0 
7f5cddc00000-7f5cde120000 rw-p 00000000 00:00 0 
7f5cde120000-7f5cde400000 ---p 00000000 00:00 0 
7f5cde4b3000-7f5ce8000000 r--s 00000000 00:b46 707804677                 /nix/store/gpxl5qgg8kicmcvivwmybwjlpf7wh20l-graalvm17-ce-22.3.0/lib/modules
7f5ce8000000-7f5ce8021000 rw-p 00000000 00:00 0 
7f5ce8021000-7f5cec000000 ---p 00000000 00:00 0 
7f5cec000000-7f5cec021000 rw-p 00000000 00:00 0 
7f5cec021000-7f5cf0000000 ---p 00000000 00:00 0 
7f5cf0000000-7f5cf04da000 rw-p 00000000 00:00 0 
7f5cf04da000-7f5cf4000000 ---p 00000000 00:00 0 
7f5cf4000000-7f5cf4069000 rw-p 00000000 00:00 0 
7f5cf4069000-7f5cf8000000 ---p 00000000 00:00 0 
7f5cf8000000-7f5cf8116000 rw-p 00000000 00:00 0 
7f5cf8116000-7f5cfc000000 ---p 00000000 00:00 0 
7f5cfc000000-7f5cfc021000 rw-p 00000000 00:00 0 
7f5cfc021000-7f5d00000000 ---p 00000000 00:00 0 
7f5d00000000-7f5d00062000 rw-p 00000000 00:00 0 
7f5d00062000-7f5d04000000 ---p 00000000 00:00 0 
7f5d04000000-7f5d04021000 rw-p 00000000 00:00 0 
7f5d04021000-7f5d08000000 ---p 00000000 00:00 0 
7f5d08000000-7f5d0830c000 rw-p 00000000 00:00 0 
7f5d0830c000-7f5d0c000000 ---p 00000000 00:00 0 
7f5d0c000000-7f5d0c06f000 rw-p 00000000 00:00 0 
7f5d0c06f000-7f5d10000000 ---p 00000000 00:00 0 
7f5d10000000-7f5d101a6000 rw-p 00000000 00:00 0 
7f5d101a6000-7f5d14000000 ---p 00000000 00:00 0 
7f5d14000000-7f5d14021000 rw-p 00000000 00:00 0 
7f5d14021000-7f5d18000000 ---p 00000000 00:00 0 
7f5d18000000-7f5d18021000 rw-p 00000000 00:00 0 
7f5d18021000-7f5d1c000000 ---p 00000000 00:00 0 
7f5d1d400000-7f5d1d6f0000 rw-p 00000000 00:00 0 
7f5d1d6f0000-7f5d1d750000 rw-p 00000000 00:00 0 
7f5d1d750000-7f5d1d800000 ---p 00000000 00:00 0 
7f5d1d800000-7f5d1dbf0000 rw-p 00000000 00:00 0 
7f5d1dbf0000-7f5d1e0f0000 rw-p 00000000 00:00 0 
7f5d1e0f0000-7f5d1e1f0000 rw-p 00000000 00:00 0 
7f5d1e1f0000-7f5d1e3f0000 rw-p 00000000 00:00 0 
7f5d1e3f0000-7f5d1e4b0000 rw-p 00000000 00:00 0 
7f5d1e4b0000-7f5d1e4f0000 rw-p 00000000 00:00 0 
7f5d1e4f0000-7f5d1e6b0000 rw-p 00000000 00:00 0 
7f5d1e6b0000-7f5d1e6f0000 rw-p 00000000 00:00 0 
7f5d1e6f0000-7f5d1e8f0000 rw-p 00000000 00:00 0 
7f5d1e8f0000-7f5d1e9f0000 rw-p 00000000 00:00 0 
7f5d1e9f0000-7f5d1eb70000 rw-p 00000000 00:00 0 
7f5d1eb70000-7f5d1ebf0000 rw-p 00000000 00:00 0 
7f5d1ebf0000-7f5d1ecf0000 rw-p 00000000 00:00 0 
7f5d1ecf0000-7f5d1edf0000 rw-p 00000000 00:00 0 
7f5d1edf0000-7f5d1f3b0000 rw-p 00000000 00:00 0 
7f5d1f3b0000-7f5d1f3f0000 rw-p 00000000 00:00 0 
7f5d1f3f0000-7f5d1f4f0000 rw-p 00000000 00:00 0 
7f5d1f4f0000-7f5d1f5f0000 rw-p 00000000 00:00 0 
7f5d1f5f0000-7f5d1f8f0000 rw-p 00000000 00:00 0 
7f5d1f8f0000-7f5d1f9f0000 rw-p 00000000 00:00 0 
7f5d1f9f0000-7f5d1fc00000 rw-p 00000000 00:00 0 
7f5d1fc00000-7f5d1fc10000 r-xp 00000000 00:ab6 390                       /home/runner/.cache/jdt-language-server/config/org.eclipse.equinox.launcher/org.eclipse.equinox.launcher.gtk.linux.x86_64_1.2.400.v20211117-0650/eclipse_11600.so
7f5d1fc10000-7f5d1fe0f000 ---p 00010000 00:ab6 390                       /home/runner/.cache/jdt-language-server/config/org.eclipse.equinox.launcher/org.eclipse.equinox.launcher.gtk.linux.x86_64_1.2.400.v20211117-0650/eclipse_11600.so
7f5d1fe0f000-7f5d1fe10000 r--p 0000f000 00:ab6 390                       /home/runner/.cache/jdt-language-server/config/org.eclipse.equinox.launcher/org.eclipse.equinox.launcher.gtk.linux.x86_64_1.2.400.v20211117-0650/eclipse_11600.so
7f5d1fe10000-7f5d1fe11000 rw-p 00010000 00:ab6 390                       /home/runner/.cache/jdt-language-server/config/org.eclipse.equinox.launcher/org.eclipse.equinox.launcher.gtk.linux.x86_64_1.2.400.v20211117-0650/eclipse_11600.so
7f5d20000000-7f5d20912000 rw-p 00000000 00:00 0 
7f5d20912000-7f5d24000000 ---p 00000000 00:00 0 
7f5d24000000-7f5d24026000 rw-p 00000000 00:00 0 
7f5d24026000-7f5d28000000 ---p 00000000 00:00 0 
7f5d28000000-7f5d28021000 rw-p 00000000 00:00 0 
7f5d28021000-7f5d2c000000 ---p 00000000 00:00 0 
7f5d2c000000-7f5d2c021000 rw-p 00000000 00:00 0 
7f5d2c021000-7f5d30000000 ---p 00000000 00:00 0 
7f5d30000000-7f5d30021000 rw-p 00000000 00:00 0 
7f5d30021000-7f5d34000000 ---p 00000000 00:00 0 
7f5d34000000-7f5d34021000 rw-p 00000000 00:00 0 
7f5d34021000-7f5d38000000 ---p 00000000 00:00 0 
7f5d39300000-7f5d39400000 ---p 00000000 00:00 0 
7f5d39400000-7f5d399af000 r--p 01122000 00:b46 707802136                 /nix/store/gpxl5qgg8kicmcvivwmybwjlpf7wh20l-graalvm17-ce-22.3.0/lib/libjvmcicompiler.so
7f5d399af000-7f5d39b00000 r--p 00000000 00:00 0 
7f5d39b00000-7f5d39b3d000 rw-p 00000000 00:00 0 
7f5d39b3d000-7f5d3a05d000 rw-p 0185f000 00:b46 707802136                 /nix/store/gpxl5qgg8kicmcvivwmybwjlpf7wh20l-graalvm17-ce-22.3.0/lib/libjvmcicompiler.so
7f5d3a05d000-7f5d3a444000 r--p 01d7f000 00:b46 707802136                 /nix/store/gpxl5qgg8kicmcvivwmybwjlpf7wh20l-graalvm17-ce-22.3.0/lib/libjvmcicompiler.so
7f5d3a500000-7f5d3a504000 ---p 00000000 00:00 0 
7f5d3a504000-7f5d3a600000 rw-p 00000000 00:00 0 
7f5d3a700000-7f5d3a704000 ---p 00000000 00:00 0 
7f5d3a704000-7f5d3a800000 rw-p 00000000 00:00 0 
7f5d3a900000-7f5d3a904000 ---p 00000000 00:00 0 
7f5d3a904000-7f5d3aa00000 rw-p 00000000 00:00 0 
7f5d3ab00000-7f5d3ab04000 ---p 00000000 00:00 0 
7f5d3ab04000-7f5d3ac00000 rw-p 00000000 00:00 0 
7f5d3ac00000-7f5d3ac04000 ---p 00000000 00:00 0 
7f5d3ac04000-7f5d3ad00000 rw-p 00000000 00:00 0 
7f5d3ad00000-7f5d3ad04000 ---p 00000000 00:00 0 
7f5d3ad04000-7f5d3ae00000 rw-p 00000000 00:00 0 
7f5d3af00000-7f5d3af04000 ---p 00000000 00:00 0 
7f5d3af04000-7f5d3b000000 rw-p 00000000 00:00 0 
7f5d3b100000-7f5d3b104000 ---p 00000000 00:00 0 
7f5d3b104000-7f5d3b200000 rw-p 00000000 00:00 0 
7f5d3b300000-7f5d3b304000 ---p 00000000 00:00 0 
7f5d3b304000-7f5d3b400000 rw-p 00000000 00:00 0 
7f5d3b500000-7f5d3b504000 ---p 00000000 00:00 0 
7f5d3b504000-7f5d3b600000 rw-p 00000000 00:00 0 
7f5d3b700000-7f5d3b704000 ---p 00000000 00:00 0 
7f5d3b704000-7f5d3b800000 rw-p 00000000 00:00 0 
7f5d3b800000-7f5d3b804000 ---p 00000000 00:00 0 
7f5d3b804000-7f5d3b900000 rw-p 00000000 00:00 0 
7f5d3b900000-7f5d3b904000 ---p 00000000 00:00 0 
7f5d3b904000-7f5d3ba00000 rw-p 00000000 00:00 0 
7f5d3bb00000-7f5d3bb04000 ---p 00000000 00:00 0 
7f5d3bb04000-7f5d3bc00000 rw-p 00000000 00:00 0 
7f5d3bd00000-7f5d3bd04000 ---p 00000000 00:00 0 
7f5d3bd04000-7f5d3be00000 rw-p 00000000 00:00 0 
7f5d3bf00000-7f5d3bf04000 ---p 00000000 00:00 0 
7f5d3bf04000-7f5d3c000000 rw-p 00000000 00:00 0 
7f5d3c000000-7f5d3c021000 rw-p 00000000 00:00 0 
7f5d3c021000-7f5d40000000 ---p 00000000 00:00 0 
7f5d40100000-7f5d40104000 ---p 00000000 00:00 0 
7f5d40104000-7f5d40200000 rw-p 00000000 00:00 0 
7f5d40200000-7f5d40204000 ---p 00000000 00:00 0 
7f5d40204000-7f5d40300000 rw-p 00000000 00:00 0 
7f5d40300000-7f5d40304000 ---p 00000000 00:00 0 
7f5d40304000-7f5d40400000 rw-p 00000000 00:00 0 
7f5d40500000-7f5d40504000 ---p 00000000 00:00 0 
7f5d40504000-7f5d40600000 rw-p 00000000 00:00 0 
7f5d40700000-7f5d40704000 ---p 00000000 00:00 0 
7f5d40704000-7f5d40800000 rw-p 00000000 00:00 0 
7f5d41468000-7f5d41900000 rw-p 00000000 00:00 0 
7f5d41a00000-7f5d43b6a000 r-xp 00000000 00:b46 707802136                 /nix/store/gpxl5qgg8kicmcvivwmybwjlpf7wh20l-graalvm17-ce-22.3.0/lib/libjvmcicompiler.so
7f5d43b6a000-7f5d43d69000 ---p 0216a000 00:b46 707802136                 /nix/store/gpxl5qgg8kicmcvivwmybwjlpf7wh20l-graalvm17-ce-22.3.0/lib/libjvmcicompiler.so
7f5d43d69000-7f5d43d6a000 r--p 02169000 00:b46 707802136                 /nix/store/gpxl5qgg8kicmcvivwmybwjlpf7wh20l-graalvm17-ce-22.3.0/lib/libjvmcicompiler.so
7f5d43d6a000-7f5d43d6c000 rw-p 0216a000 00:b46 707802136                 /nix/store/gpxl5qgg8kicmcvivwmybwjlpf7wh20l-graalvm17-ce-22.3.0/lib/libjvmcicompiler.so
7f5d43d6c000-7f5d43d6d000 rw-p 00000000 00:00 0 
7f5d43d6d000-7f5d43d72000 rw-p 023c3000 00:b46 707802136                 /nix/store/gpxl5qgg8kicmcvivwmybwjlpf7wh20l-graalvm17-ce-22.3.0/lib/libjvmcicompiler.so
7f5d43dfe000-7f5d43dff000 ---p 00000000 00:00 0 
7f5d43dff000-7f5d43f00000 rw-p 00000000 00:00 0 
7f5d43f00000-7f5d43f04000 ---p 00000000 00:00 0 
7f5d43f04000-7f5d44000000 rw-p 00000000 00:00 0 
7f5d44000000-7f5d44021000 rw-p 00000000 00:00 0 
7f5d44021000-7f5d48000000 ---p 00000000 00:00 0 
7f5d48000000-7f5d48021000 rw-p 00000000 00:00 0 
7f5d48021000-7f5d4c000000 ---p 00000000 00:00 0 
7f5d4c000000-7f5d4c0dc000 rw-p 00000000 00:00 0 
7f5d4c0dc000-7f5d50000000 ---p 00000000 00:00 0 
7f5d50000000-7f5d5082e000 rw-p 00000000 00:00 0 
7f5d5082e000-7f5d54000000 ---p 00000000 00:00 0 
7f5d54000000-7f5d54021000 rw-p 00000000 00:00 0 
7f5d54021000-7f5d58000000 ---p 00000000 00:00 0 
7f5d58000000-7f5d58021000 rw-p 00000000 00:00 0 
7f5d58021000-7f5d5c000000 ---p 00000000 00:00 0 
7f5d5c000000-7f5d5c021000 rw-p 00000000 00:00 0 
7f5d5c021000-7f5d60000000 ---p 00000000 00:00 0 
7f5d60000000-7f5d60021000 rw-p 00000000 00:00 0 
7f5d60021000-7f5d64000000 ---p 00000000 00:00 0 
7f5d64000000-7f5d64021000 rw-p 00000000 00:00 0 
7f5d64021000-7f5d68000000 ---p 00000000 00:00 0 
7f5d68000000-7f5d68021000 rw-p 00000000 00:00 0 
7f5d68021000-7f5d6c000000 ---p 00000000 00:00 0 
7f5d6c000000-7f5d6c05e000 rw-p 00000000 00:00 0 
7f5d6c05e000-7f5d70000000 ---p 00000000 00:00 0 
7f5d7000b000-7f5d7000f000 ---p 00000000 00:00 0 
7f5d7000f000-7f5d7002d000 rw-p 00000000 00:00 0 
7f5d7002d000-7f5d70042000 r-xp 00000000 00:b46 707804666                 /nix/store/gpxl5qgg8kicmcvivwmybwjlpf7wh20l-graalvm17-ce-22.3.0/lib/libnet.so
7f5d70042000-7f5d70043000 ---p 00015000 00:b46 707804666                 /nix/store/gpxl5qgg8kicmcvivwmybwjlpf7wh20l-graalvm17-ce-22.3.0/lib/libnet.so
7f5d70043000-7f5d70044000 r--p 00015000 00:b46 707804666                 /nix/store/gpxl5qgg8kicmcvivwmybwjlpf7wh20l-graalvm17-ce-22.3.0/lib/libnet.so
7f5d70044000-7f5d70045000 rw-p 00016000 00:b46 707804666                 /nix/store/gpxl5qgg8kicmcvivwmybwjlpf7wh20l-graalvm17-ce-22.3.0/lib/libnet.so
7f5d70045000-7f5d70048000 rw-p 0001b000 00:b46 707804666                 /nix/store/gpxl5qgg8kicmcvivwmybwjlpf7wh20l-graalvm17-ce-22.3.0/lib/libnet.so
7f5d70048000-7f5d7004c000 ---p 00000000 00:00 0 
7f5d7004c000-7f5d70148000 rw-p 00000000 00:00 0 
7f5d70148000-7f5d7014c000 ---p 00000000 00:00 0 
7f5d7014c000-7f5d70248000 rw-p 00000000 00:00 0 
7f5d70248000-7f5d7024c000 ---p 00000000 00:00 0 
7f5d7024c000-7f5d70448000 rw-p 00000000 00:00 0 
7f5d70448000-7f5d7044c000 ---p 00000000 00:00 0 
7f5d7044c000-7f5d70648000 rw-p 00000000 00:00 0 
7f5d70648000-7f5d7064c000 ---p 00000000 00:00 0 
7f5d7064c000-7f5d70748000 rw-p 00000000 00:00 0 
7f5d70748000-7f5d7074c000 ---p 00000000 00:00 0 
7f5d7074c000-7f5d70848000 rw-p 00000000 00:00 0 
7f5d70848000-7f5d7084c000 ---p 00000000 00:00 0 
7f5d7084c000-7f5d70948000 rw-p 00000000 00:00 0 
7f5d70948000-7f5d70c2e000 r--p 00000000 00:aa2 28444448                  /usr/lib/locale/locale-archive
7f5d70c2e000-7f5d70c32000 ---p 00000000 00:00 0 
7f5d70c32000-7f5d70d2e000 rw-p 00000000 00:00 0 
7f5d70d2e000-7f5d70d32000 ---p 00000000 00:00 0 
7f5d70d32000-7f5d70e2e000 rw-p 00000000 00:00 0 
7f5d70e2e000-7f5d70e2f000 ---p 00000000 00:00 0 
7f5d70e2f000-7f5d70f30000 rw-p 00000000 00:00 0 
7f5d70f30000-7f5d70ffe000 r-xp 00000000 00:b46 707802132                 /nix/store/gpxl5qgg8kicmcvivwmybwjlpf7wh20l-graalvm17-ce-22.3.0/lib/libjsvml.so
7f5d70ffe000-7f5d70fff000 r--p 000cd000 00:b46 707802132                 /nix/store/gpxl5qgg8kicmcvivwmybwjlpf7wh20l-graalvm17-ce-22.3.0/lib/libjsvml.so
7f5d70fff000-7f5d71000000 rw-p 000ce000 00:b46 707802132                 /nix/store/gpxl5qgg8kicmcvivwmybwjlpf7wh20l-graalvm17-ce-22.3.0/lib/libjsvml.so
7f5d71000000-7f5d713f0000 rw-p 00000000 00:00 0 
7f5d713f0000-7f5d716f0000 rw-p 00000000 00:00 0 
7f5d716f0000-7f5d71800000 rw-p 00000000 00:00 0 
7f5d7180c000-7f5d730da000 rw-p 00000000 00:00 0 
7f5d730da000-7f5d730db000 ---p 00000000 00:00 0 
7f5d730db000-7f5d73285000 rw-p 00000000 00:00 0 
7f5d73285000-7f5d732a7000 rw-p 00000000 00:00 0 
7f5d732a7000-7f5d732dc000 ---p 00000000 00:00 0 
7f5d732dc000-7f5d732e3000 rw-p 00000000 00:00 0 
7f5d732e3000-7f5d733c8000 ---p 00000000 00:00 0 
7f5d733c8000-7f5d733e6000 rw-p 00000000 00:00 0 
7f5d733e6000-7f5d734b3000 ---p 00000000 00:00 0 
7f5d734b3000-7f5d73723000 rwxp 00000000 00:00 0 
7f5d73723000-7f5d73a42000 ---p 00000000 00:00 0 
7f5d73a42000-7f5d748f2000 rwxp 00000000 00:00 0 
7f5d748f2000-7f5d7af7a000 ---p 00000000 00:00 0 
7f5d7af7a000-7f5d7b22a000 rwxp 00000000 00:00 0 
7f5d7b22a000-7f5d824b3000 ---p 00000000 00:00 0 
7f5d824b3000-7f5d8c000000 r--s 00000000 00:b46 707804677                 /nix/store/gpxl5qgg8kicmcvivwmybwjlpf7wh20l-graalvm17-ce-22.3.0/lib/modules
7f5d8c000000-7f5d8c62b000 rw-p 00000000 00:00 0 
7f5d8c62b000-7f5d90000000 ---p 00000000 00:00 0 
7f5d90003000-7f5d90005000 r-xp 00000000 00:b46 707802113                 /nix/store/gpxl5qgg8kicmcvivwmybwjlpf7wh20l-graalvm17-ce-22.3.0/lib/libextnet.so
7f5d90005000-7f5d90006000 r--p 00001000 00:b46 707802113                 /nix/store/gpxl5qgg8kicmcvivwmybwjlpf7wh20l-graalvm17-ce-22.3.0/lib/libextnet.so
7f5d90006000-7f5d90007000 rw-p 00002000 00:b46 707802113                 /nix/store/gpxl5qgg8kicmcvivwmybwjlpf7wh20l-graalvm17-ce-22.3.0/lib/libextnet.so
7f5d90007000-7f5d90008000 rw-p 00004000 00:b46 707802113                 /nix/store/gpxl5qgg8kicmcvivwmybwjlpf7wh20l-graalvm17-ce-22.3.0/lib/libextnet.so
7f5d90008000-7f5d9000f000 r-xp 00000000 00:b46 707804676                 /nix/store/gpxl5qgg8kicmcvivwmybwjlpf7wh20l-graalvm17-ce-22.3.0/lib/libzip.so
7f5d9000f000-7f5d90010000 ---p 00007000 00:b46 707804676                 /nix/store/gpxl5qgg8kicmcvivwmybwjlpf7wh20l-graalvm17-ce-22.3.0/lib/libzip.so
7f5d90010000-7f5d90011000 r--p 00007000 00:b46 707804676                 /nix/store/gpxl5qgg8kicmcvivwmybwjlpf7wh20l-graalvm17-ce-22.3.0/lib/libzip.so
7f5d90011000-7f5d90012000 rw-p 00008000 00:b46 707804676                 /nix/store/gpxl5qgg8kicmcvivwmybwjlpf7wh20l-graalvm17-ce-22.3.0/lib/libzip.so
7f5d90012000-7f5d90014000 rw-p 0000b000 00:b46 707804676                 /nix/store/gpxl5qgg8kicmcvivwmybwjlpf7wh20l-graalvm17-ce-22.3.0/lib/libzip.so
7f5d90014000-7f5d90027000 r-xp 00000000 00:b46 707804667                 /nix/store/gpxl5qgg8kicmcvivwmybwjlpf7wh20l-graalvm17-ce-22.3.0/lib/libnio.so
7f5d90027000-7f5d90028000 r--p 00012000 00:b46 707804667                 /nix/store/gpxl5qgg8kicmcvivwmybwjlpf7wh20l-graalvm17-ce-22.3.0/lib/libnio.so
7f5d90028000-7f5d90029000 rw-p 00013000 00:b46 707804667                 /nix/store/gpxl5qgg8kicmcvivwmybwjlpf7wh20l-graalvm17-ce-22.3.0/lib/libnio.so
7f5d90029000-7f5d9002e000 rw-p 00019000 00:b46 707804667                 /nix/store/gpxl5qgg8kicmcvivwmybwjlpf7wh20l-graalvm17-ce-22.3.0/lib/libnio.so
7f5d9002e000-7f5d9003d000 rw-p 00000000 00:00 0 
7f5d9003d000-7f5d90044000 ---p 00000000 00:00 0 
7f5d90044000-7f5d90068000 r-xp 00000000 00:b46 707802124                 /nix/store/gpxl5qgg8kicmcvivwmybwjlpf7wh20l-graalvm17-ce-22.3.0/lib/libjava.so
7f5d90068000-7f5d90069000 ---p 00024000 00:b46 707802124                 /nix/store/gpxl5qgg8kicmcvivwmybwjlpf7wh20l-graalvm17-ce-22.3.0/lib/libjava.so
7f5d90069000-7f5d9006a000 r--p 00024000 00:b46 707802124                 /nix/store/gpxl5qgg8kicmcvivwmybwjlpf7wh20l-graalvm17-ce-22.3.0/lib/libjava.so
7f5d9006a000-7f5d9006b000 rw-p 00025000 00:b46 707802124                 /nix/store/gpxl5qgg8kicmcvivwmybwjlpf7wh20l-graalvm17-ce-22.3.0/lib/libjava.so
7f5d9006b000-7f5d9006c000 rw-p 00000000 00:00 0 
7f5d9006c000-7f5d90073000 rw-p 0002f000 00:b46 707802124                 /nix/store/gpxl5qgg8kicmcvivwmybwjlpf7wh20l-graalvm17-ce-22.3.0/lib/libjava.so
7f5d90073000-7f5d9007b000 rw-s 00000000 00:a9c 385                       /tmp/hsperfdata_runner/28
7f5d9007b000-7f5d9007c000 ---p 00000000 00:00 0 
7f5d9007c000-7f5d9007d000 r--p 00000000 00:00 0 
7f5d9007d000-7f5d9007e000 rwxp 00000000 00:00 0 
7f5d9007e000-7f5d90099000 r-xp 00000000 00:b46 707802128                 /nix/store/gpxl5qgg8kicmcvivwmybwjlpf7wh20l-graalvm17-ce-22.3.0/lib/libjimage.so
7f5d90099000-7f5d9009a000 ---p 0001b000 00:b46 707802128                 /nix/store/gpxl5qgg8kicmcvivwmybwjlpf7wh20l-graalvm17-ce-22.3.0/lib/libjimage.so
7f5d9009a000-7f5d9009c000 r--p 0001b000 00:b46 707802128                 /nix/store/gpxl5qgg8kicmcvivwmybwjlpf7wh20l-graalvm17-ce-22.3.0/lib/libjimage.so
7f5d9009c000-7f5d9009d000 rw-p 0001d000 00:b46 707802128                 /nix/store/gpxl5qgg8kicmcvivwmybwjlpf7wh20l-graalvm17-ce-22.3.0/lib/libjimage.so
7f5d9009d000-7f5d9009e000 rw-p 00024000 00:b46 707802128                 /nix/store/gpxl5qgg8kicmcvivwmybwjlpf7wh20l-graalvm17-ce-22.3.0/lib/libjimage.so
7f5d9009e000-7f5d900a2000 ---p 00000000 00:00 0 
7f5d900a2000-7f5d9019e000 rw-p 00000000 00:00 0 
7f5d9019e000-7f5d901ac000 r--p 00000000 00:b46 600592023                 /nix/store/4nlgxhb09sdr51nc9hdm8az5b08vzkgx-glibc-2.35-163/lib/libm.so.6
7f5d901ac000-7f5d9021f000 r-xp 0000e000 00:b46 600592023                 /nix/store/4nlgxhb09sdr51nc9hdm8az5b08vzkgx-glibc-2.35-163/lib/libm.so.6
7f5d9021f000-7f5d9027c000 r--p 00081000 00:b46 600592023                 /nix/store/4nlgxhb09sdr51nc9hdm8az5b08vzkgx-glibc-2.35-163/lib/libm.so.6
7f5d9027c000-7f5d9027d000 r--p 000dd000 00:b46 600592023                 /nix/store/4nlgxhb09sdr51nc9hdm8az5b08vzkgx-glibc-2.35-163/lib/libm.so.6
7f5d9027d000-7f5d9027e000 rw-p 000de000 00:b46 600592023                 /nix/store/4nlgxhb09sdr51nc9hdm8az5b08vzkgx-glibc-2.35-163/lib/libm.so.6
7f5d9027e000-7f5d9027f000 r--p 00000000 00:b46 600592042                 /nix/store/4nlgxhb09sdr51nc9hdm8az5b08vzkgx-glibc-2.35-163/lib/librt.so.1
7f5d9027f000-7f5d90280000 r-xp 00001000 00:b46 600592042                 /nix/store/4nlgxhb09sdr51nc9hdm8az5b08vzkgx-glibc-2.35-163/lib/librt.so.1
7f5d90280000-7f5d90281000 r--p 00002000 00:b46 600592042                 /nix/store/4nlgxhb09sdr51nc9hdm8az5b08vzkgx-glibc-2.35-163/lib/librt.so.1
7f5d90281000-7f5d90282000 r--p 00002000 00:b46 600592042                 /nix/store/4nlgxhb09sdr51nc9hdm8az5b08vzkgx-glibc-2.35-163/lib/librt.so.1
7f5d90282000-7f5d90283000 rw-p 00003000 00:b46 600592042                 /nix/store/4nlgxhb09sdr51nc9hdm8az5b08vzkgx-glibc-2.35-163/lib/librt.so.1
7f5d90283000-7f5d91396000 r-xp 00000000 00:b46 707972962                 /nix/store/gpxl5qgg8kicmcvivwmybwjlpf7wh20l-graalvm17-ce-22.3.0/lib/server/libjvm.so
7f5d91396000-7f5d91397000 ---p 01113000 00:b46 707972962                 /nix/store/gpxl5qgg8kicmcvivwmybwjlpf7wh20l-graalvm17-ce-22.3.0/lib/server/libjvm.so
7f5d91397000-7f5d9144c000 r--p 01113000 00:b46 707972962                 /nix/store/gpxl5qgg8kicmcvivwmybwjlpf7wh20l-graalvm17-ce-22.3.0/lib/server/libjvm.so
7f5d9144c000-7f5d91480000 rw-p 011c8000 00:b46 707972962                 /nix/store/gpxl5qgg8kicmcvivwmybwjlpf7wh20l-graalvm17-ce-22.3.0/lib/server/libjvm.so
7f5d91480000-7f5d914dc000 rw-p 00000000 00:00 0 
7f5d914dc000-7f5d91504000 r--p 00000000 00:b46 600592014                 /nix/store/4nlgxhb09sdr51nc9hdm8az5b08vzkgx-glibc-2.35-163/lib/libc.so.6
7f5d91504000-7f5d9167a000 r-xp 00028000 00:b46 600592014                 /nix/store/4nlgxhb09sdr51nc9hdm8az5b08vzkgx-glibc-2.35-163/lib/libc.so.6
7f5d9167a000-7f5d916d2000 r--p 0019e000 00:b46 600592014                 /nix/store/4nlgxhb09sdr51nc9hdm8az5b08vzkgx-glibc-2.35-163/lib/libc.so.6
7f5d916d2000-7f5d916d6000 r--p 001f6000 00:b46 600592014                 /nix/store/4nlgxhb09sdr51nc9hdm8az5b08vzkgx-glibc-2.35-163/lib/libc.so.6
7f5d916d6000-7f5d916d8000 rw-p 001fa000 00:b46 600592014                 /nix/store/4nlgxhb09sdr51nc9hdm8az5b08vzkgx-glibc-2.35-163/lib/libc.so.6
7f5d916d8000-7f5d916e7000 rw-p 00000000 00:00 0 
7f5d916e7000-7f5d916e8000 r--p 00000000 00:b46 600592019                 /nix/store/4nlgxhb09sdr51nc9hdm8az5b08vzkgx-glibc-2.35-163/lib/libdl.so.2
7f5d916e8000-7f5d916e9000 r-xp 00001000 00:b46 600592019                 /nix/store/4nlgxhb09sdr51nc9hdm8az5b08vzkgx-glibc-2.35-163/lib/libdl.so.2
7f5d916e9000-7f5d916ea000 r--p 00002000 00:b46 600592019                 /nix/store/4nlgxhb09sdr51nc9hdm8az5b08vzkgx-glibc-2.35-163/lib/libdl.so.2
7f5d916ea000-7f5d916eb000 r--p 00002000 00:b46 600592019                 /nix/store/4nlgxhb09sdr51nc9hdm8az5b08vzkgx-glibc-2.35-163/lib/libdl.so.2
7f5d916eb000-7f5d916ec000 rw-p 00003000 00:b46 600592019                 /nix/store/4nlgxhb09sdr51nc9hdm8az5b08vzkgx-glibc-2.35-163/lib/libdl.so.2
7f5d916ec000-7f5d916ed000 r--p 00000000 00:b46 600592038                 /nix/store/4nlgxhb09sdr51nc9hdm8az5b08vzkgx-glibc-2.35-163/lib/libpthread.so.0
7f5d916ed000-7f5d916ee000 r-xp 00001000 00:b46 600592038                 /nix/store/4nlgxhb09sdr51nc9hdm8az5b08vzkgx-glibc-2.35-163/lib/libpthread.so.0
7f5d916ee000-7f5d916ef000 r--p 00002000 00:b46 600592038                 /nix/store/4nlgxhb09sdr51nc9hdm8az5b08vzkgx-glibc-2.35-163/lib/libpthread.so.0
7f5d916ef000-7f5d916f0000 r--p 00002000 00:b46 600592038                 /nix/store/4nlgxhb09sdr51nc9hdm8az5b08vzkgx-glibc-2.35-163/lib/libpthread.so.0
7f5d916f0000-7f5d916f1000 rw-p 00003000 00:b46 600592038                 /nix/store/4nlgxhb09sdr51nc9hdm8az5b08vzkgx-glibc-2.35-163/lib/libpthread.so.0
7f5d916f1000-7f5d916ff000 r-xp 00000000 00:b46 707802129                 /nix/store/gpxl5qgg8kicmcvivwmybwjlpf7wh20l-graalvm17-ce-22.3.0/lib/libjli.so
7f5d916ff000-7f5d91700000 ---p 0000e000 00:b46 707802129                 /nix/store/gpxl5qgg8kicmcvivwmybwjlpf7wh20l-graalvm17-ce-22.3.0/lib/libjli.so
7f5d91700000-7f5d91701000 r--p 0000e000 00:b46 707802129                 /nix/store/gpxl5qgg8kicmcvivwmybwjlpf7wh20l-graalvm17-ce-22.3.0/lib/libjli.so
7f5d91701000-7f5d91702000 rw-p 0000f000 00:b46 707802129                 /nix/store/gpxl5qgg8kicmcvivwmybwjlpf7wh20l-graalvm17-ce-22.3.0/lib/libjli.so
7f5d91702000-7f5d91703000 rw-p 00012000 00:b46 707802129                 /nix/store/gpxl5qgg8kicmcvivwmybwjlpf7wh20l-graalvm17-ce-22.3.0/lib/libjli.so
7f5d91703000-7f5d91706000 r--p 00000000 00:b46 678822167                 /nix/store/026hln0aq1hyshaxsdvhg0kmcm6yf45r-zlib-1.2.13/lib/libz.so.1.2.13
7f5d91706000-7f5d91718000 r-xp 00003000 00:b46 678822167                 /nix/store/026hln0aq1hyshaxsdvhg0kmcm6yf45r-zlib-1.2.13/lib/libz.so.1.2.13
7f5d91718000-7f5d9171f000 r--p 00015000 00:b46 678822167                 /nix/store/026hln0aq1hyshaxsdvhg0kmcm6yf45r-zlib-1.2.13/lib/libz.so.1.2.13
7f5d9171f000-7f5d91720000 r--p 0001b000 00:b46 678822167                 /nix/store/026hln0aq1hyshaxsdvhg0kmcm6yf45r-zlib-1.2.13/lib/libz.so.1.2.13
7f5d91720000-7f5d91721000 rw-p 0001c000 00:b46 678822167                 /nix/store/026hln0aq1hyshaxsdvhg0kmcm6yf45r-zlib-1.2.13/lib/libz.so.1.2.13
7f5d91721000-7f5d91723000 rw-p 00000000 00:00 0 
7f5d91723000-7f5d91725000 r--p 00000000 00:b46 600592008                 /nix/store/4nlgxhb09sdr51nc9hdm8az5b08vzkgx-glibc-2.35-163/lib/ld-linux-x86-64.so.2
7f5d91725000-7f5d9174c000 r-xp 00002000 00:b46 600592008                 /nix/store/4nlgxhb09sdr51nc9hdm8az5b08vzkgx-glibc-2.35-163/lib/ld-linux-x86-64.so.2
7f5d9174c000-7f5d91758000 r--p 00029000 00:b46 600592008                 /nix/store/4nlgxhb09sdr51nc9hdm8az5b08vzkgx-glibc-2.35-163/lib/ld-linux-x86-64.so.2
7f5d91758000-7f5d9175a000 r--p 00034000 00:b46 600592008                 /nix/store/4nlgxhb09sdr51nc9hdm8az5b08vzkgx-glibc-2.35-163/lib/ld-linux-x86-64.so.2
7f5d9175a000-7f5d9175c000 rw-p 00036000 00:b46 600592008                 /nix/store/4nlgxhb09sdr51nc9hdm8az5b08vzkgx-glibc-2.35-163/lib/ld-linux-x86-64.so.2
7ffd07b88000-7ffd07bac000 rw-p 00000000 00:00 0                          [stack]
7ffd07bb1000-7ffd07bb5000 r--p 00000000 00:00 0                          [vvar]
7ffd07bb5000-7ffd07bb7000 r-xp 00000000 00:00 0                          [vdso]
ffffffffff600000-ffffffffff601000 --xp 00000000 00:00 0                  [vsyscall]


VM Arguments:
jvm_args: -XX:ThreadPriorityPolicy=1 -XX:+UnlockExperimentalVMOptions -XX:+EnableJVMCIProduct -XX:JVMCIThreadsPerNativeLibraryRuntime=1 -XX:-UnlockExperimentalVMOptions -Declipse.application=org.eclipse.jdt.ls.core.id1 -Dosgi.bundles.defaultStartLevel=4 -Declipse.product=org.eclipse.jdt.ls.core.product -Dlog.level=ALL -Xverify:none -XX:+UseParallelGC -XX:GCTimeRatio=4 -XX:AdaptiveSizePolicyWeight=90 -Dsun.zip.disableMemoryMapping=true -Xmx512m -Xms100m 
java_command: /nix/store/a7s9klvriqi68xz3qjc0qyfl5h86xc16-jdt-language-server-1.9.0/share/java/plugins/org.eclipse.equinox.launcher_1.6.400.v20210924-0641.jar --add-modules=ALL-SYSTEM --add-opens java.base/java.util=ALL-UNNAMED --add-opens java.base/java.lang=ALL-UNNAMED -configuration /home/runner/.cache/jdt-language-server/config -data /home/runner/.cache/jdt-language-server/data/home/runner/211Sorting
java_class_path (initial): /nix/store/a7s9klvriqi68xz3qjc0qyfl5h86xc16-jdt-language-server-1.9.0/share/java/plugins/org.eclipse.equinox.launcher_1.6.400.v20210924-0641.jar
Launcher Type: SUN_STANDARD

[Global flags]
    uintx AdaptiveSizePolicyWeight                 = 90                                        {product} {command line}
     intx CICompilerCount                          = 2                                         {product} {ergonomic}
     bool EnableJVMCIProduct                       = true                                {JVMCI product} {jimage}
    uintx GCTimeRatio                              = 4                                         {product} {command line}
   size_t InitialHeapSize                          = 104857600                                 {product} {command line}
     uint JVMCIThreadsPerNativeLibraryRuntime      = 1                                   {JVMCI product} {jimage}
   size_t MaxHeapSize                              = 536870912                                 {product} {command line}
   size_t MaxNewSize                               = 178782208                                 {product} {ergonomic}
   size_t MinHeapDeltaBytes                        = 524288                                    {product} {ergonomic}
   size_t MinHeapSize                              = 104857600                                 {product} {command line}
   size_t NewSize                                  = 34603008                                  {product} {ergonomic}
    uintx NonNMethodCodeHeapSize                   = 5826188                                {pd product} {ergonomic}
    uintx NonProfiledCodeHeapSize                  = 122916026                              {pd product} {ergonomic}
   size_t OldSize                                  = 70254592                                  {product} {ergonomic}
    uintx ProfiledCodeHeapSize                     = 122916026                              {pd product} {ergonomic}
    uintx ReservedCodeCacheSize                    = 251658240                              {pd product} {ergonomic}
     bool SegmentedCodeCache                       = true                                      {product} {ergonomic}
   size_t SoftMaxHeapSize                          = 536870912                              {manageable} {ergonomic}
     intx ThreadPriorityPolicy                     = 1                                         {product} {jimage}
     bool UseCompressedClassPointers               = true                           {product lp64_product} {ergonomic}
     bool UseCompressedOops                        = true                           {product lp64_product} {ergonomic}
     bool UseParallelGC                            = true                                      {product} {command line}

Logging:
Log output configuration:
 #0: stdout all=warning uptime,level,tags
 #1: stderr all=off uptime,level,tags

Environment Variables:
JAVA_HOME=/nix/store/gpxl5qgg8kicmcvivwmybwjlpf7wh20l-graalvm17-ce-22.3.0
PATH=/nix/store/1d6ian3r8kdzspw8hacjhl3xkp40g1lj-binutils-wrapper-2.39/bin:/nix/store/dq0xwmsk1g0i2ayg6pb7y87na2knzylh-gcc-wrapper-11.3.0/bin:/nix/store/bap4d0lpcrhpwmpb8ayjcgkmvfj62lnq-bash-interactive-5.1-p16/bin:/nix/store/pr5n59mb4jzmfx6kanwxly0l07p861fg-patchelf-0.15.0/bin:/nix/store/1gf2flfqnpqbr1b4p4qz2f72y42bs56r-gcc-11.3.0/bin:/nix/store/57xv61c5zi8pphjbcwxxjlgc34p61ic9-glibc-2.35-163-bin/bin:/nix/store/a7gvj343m05j2s32xcnwr35v31ynlypr-coreutils-9.1/bin:/nix/store/039g378vc3pc3dvi9dzdlrd0i4q93qwf-binutils-2.39/bin:/nix/store/gpxl5qgg8kicmcvivwmybwjlpf7wh20l-graalvm17-ce-22.3.0/bin:/nix/store/6z9ag3ihc8mq2hzsw48lhbznvzny65nz-apache-maven-3.8.6/bin:/nix/store/a7s9klvriqi68xz3qjc0qyfl5h86xc16-jdt-language-server-1.9.0/bin:/nix/store/48ifl2w60a3zp7yskbpnvn8jp9jdsb7k-java-debug/bin:/nix/store/mydc6f4k2z73xlcz7ilif3v2lcaiqvza-findutils-4.9.0/bin:/nix/store/j9p3g8472iijd50vhdprx0nmk2fqn5gv-diffutils-3.8/bin:/nix/store/89zs7rms6x00xfq4dq6m7mjnhkr8a6r4-gnused-4.8/bin:/nix/store/86bp03jkmsl6f92w0yzg4s59g5mhxwmy-gnugrep-3.7/bin:/nix/store/hwcdqw4jrjnd37wxqgsd47hd0j8bnj09-gawk-5.1.1/bin:/nix/store/cfbhw8r8ags41vwqaz47r583d0p4h4a1-gnutar-1.34/bin:/nix/store/p3m1ndl1lapwrlh698bnb5lvvxh67378-gzip-1.12/bin:/nix/store/a8mhcagrsly7c7mpjrpsnaahk4aax056-bzip2-1.0.8-bin/bin:/nix/store/mblgz65m3zv9x548a3d5m96fj2pbwr09-gnumake-4.3/bin:/nix/store/dsd5gz46hdbdk2rfdimqddhq6m8m8fqs-bash-5.1-p16/bin:/nix/store/v7ljksji50mg3w61dykaa3n3y79n6nil-patch-2.7.6/bin:/nix/store/zlcnmqq14jz5x9439jf937mvayyl63da-xz-5.2.7-bin/bin:/nix/store/y6aj732zm9m87c82fpvf103a1xb22blp-file-5.43/bin:/nix/store/16mpk6bszlqfy0yirsw8mcmkig6qb9xk-nix-2.18.0pre20230808_c0e6466/bin:/nix/store/i4kzir3m7mrisxmf5xvlnkw01x4qaqr4-prybar-elisp-0.0.0-e0d9a52/bin:/nix/store/lwwivxf6h7x3cvxp9zv8sj0mv7dak99r-prybar-lua-0.0.0-e0d9a52/bin:/nix/store/gxj28g1cg4hq3qanmjv07156h800qr58-prybar-python3-0.0.0-e0d9a52/bin:/nix/store/hshkjnxrgidigf8x75vg6lqng2xlx9i3-prybar-sqlite-0.0.0-e0d9a52/bin:/nix/store/c4w01bpjgyy5ixmwdk8m1pw87zq4sl
LD_LIBRARY_PATH=/nix/store/a4pff549sk2idnkpzk5nsfps3mdkdnvm-cups-2.4.2-lib/lib:/nix/store/72mqxxhh3cy5yifh92wh2yb8cl2hikyy-cairo-1.16.0/lib:/nix/store/2k366jrbsra97gjfxwvrhvixjfxdach5-glib-2.74.1/lib:/nix/store/2j2znigd8ak37rlwh9khz0ry3clqlw1l-gtk+3-3.24.34/lib:/nix/store/hisqvx32cd57apbpcsnkpx6k3549wql1-libglvnd-1.4.0/lib:/nix/store/p36pgcv991mq5srvg765b78yqpxvk3qs-mesa-21.3.3-drivers/lib:/nix/store/mav4251if1ahjq5vkpwycyyvnmy459c4-pulseaudio-14.2/lib
DISPLAY=:0
LANG=en_US.UTF-8

Signal Handlers:
   SIGSEGV: crash_handler in libjvm.so, mask=11100100010111111101111111111110, flags=SA_RESTART|SA_SIGINFO
    SIGBUS: crash_handler in libjvm.so, mask=11100100010111111101111111111110, flags=SA_RESTART|SA_SIGINFO
    SIGFPE: crash_handler in libjvm.so, mask=11100100010111111101111111111110, flags=SA_RESTART|SA_SIGINFO
   SIGPIPE: IsolateEnterStub_IgnoreSIGPIPEStartupHook_noopSignalHandler_8f19bff2f35b5f630d83b364d6b2339320d4ec70_216e8361c6bc87a8f89f58cc10d3b2fd4415bf87 in libjvmcicompiler.so, mask=00000000000000000000000000000000, flags=SA_RESTART
  *** Handler was modified!
  *** Expected: javaSignalHandler in libjvm.so, mask=11100100110111111111111111111110, flags=SA_RESTART|SA_SIGINFO
   SIGXFSZ: javaSignalHandler in libjvm.so, mask=11100100010111111101111111111110, flags=SA_RESTART|SA_SIGINFO
    SIGILL: crash_handler in libjvm.so, mask=11100100010111111101111111111110, flags=SA_RESTART|SA_SIGINFO
   SIGUSR2: SR_handler in libjvm.so, mask=00000000000000000000000000000000, flags=SA_RESTART|SA_SIGINFO
    SIGHUP: UserHandler in libjvm.so, mask=11100100010111111101111111111110, flags=SA_RESTART|SA_SIGINFO
    SIGINT: UserHandler in libjvm.so, mask=11100100010111111101111111111110, flags=SA_RESTART|SA_SIGINFO
   SIGTERM: UserHandler in libjvm.so, mask=11100100010111111101111111111110, flags=SA_RESTART|SA_SIGINFO
   SIGQUIT: UserHandler in libjvm.so, mask=11100100010111111101111111111110, flags=SA_RESTART|SA_SIGINFO
  *** Handler was modified!
  *** Expected: javaSignalHandler in libjvm.so, mask=11100100110111111111111111111110, flags=SA_RESTART|SA_SIGINFO
   SIGTRAP: crash_handler in libjvm.so, mask=11100100010111111101111111111110, flags=SA_RESTART|SA_SIGINFO


---------------  S Y S T E M  ---------------

OS:
DISTRIB_ID=Ubuntu
DISTRIB_RELEASE=20.04
DISTRIB_CODENAME=focal
DISTRIB_DESCRIPTION="Ubuntu 20.04.2 LTS"
uname: Linux 6.2.0-1016-gcp #18~22.04.1-Ubuntu SMP Fri Sep 29 04:56:44 UTC 2023 x86_64
OS uptime: 0 days 4:21 hours
libc: glibc 2.35 NPTL 2.35 
rlimit (soft/hard): STACK 8192k/infinity , CORE infinity/infinity , NPROC infinity/infinity , NOFILE 5242/5242 , AS infinity/infinity , CPU infinity/infinity , DATA infinity/infinity , FSIZE infinity/infinity , MEMLOCK 8192k/8192k
load average: 34.09 25.90 25.52

/proc/meminfo:
MemTotal:       65835932 kB
MemFree:        32669028 kB
MemAvailable:   44046744 kB
Buffers:         2042912 kB
Cached:          8934948 kB
SwapCached:            0 kB
Active:          6811240 kB
Inactive:       24028048 kB
Active(anon):      12848 kB
Inactive(anon): 19790148 kB
Active(file):    6798392 kB
Inactive(file):  4237900 kB
Unevictable:       28520 kB
Mlocked:           28520 kB
SwapTotal:             0 kB
SwapFree:              0 kB
Zswap:                 0 kB
Zswapped:              0 kB
Dirty:              4044 kB
Writeback:           108 kB
AnonPages:      18704612 kB
Mapped:          1895580 kB
Shmem:             86212 kB
KReclaimable:    1067876 kB
Slab:            1571108 kB
SReclaimable:    1067876 kB
SUnreclaim:       503232 kB
KernelStack:      158064 kB
PageTables:       258900 kB
SecPageTables:         0 kB
NFS_Unstable:          0 kB
Bounce:                0 kB
WritebackTmp:          0 kB
CommitLimit:    32917964 kB
Committed_AS:   61467184 kB
VmallocTotal:   34359738367 kB
VmallocUsed:      184452 kB
VmallocChunk:          0 kB
Percpu:            30208 kB
HardwareCorrupted:     0 kB
AnonHugePages:   2590720 kB
ShmemHugePages:        0 kB
ShmemPmdMapped:        0 kB
FileHugePages:         0 kB
FilePmdMapped:         0 kB
HugePages_Total:       0
HugePages_Free:        0
HugePages_Rsvd:        0
HugePages_Surp:        0
Hugepagesize:       2048 kB
Hugetlb:               0 kB
DirectMap4k:      252728 kB
DirectMap2M:     8132608 kB
DirectMap1G:    60817408 kB

/sys/kernel/mm/transparent_hugepage/enabled: always [madvise] never
/sys/kernel/mm/transparent_hugepage/defrag (defrag/compaction efforts parameter): always defer defer+madvise [madvise] never

Process Memory:
Virtual Size: 4721752K (peak: 4807484K)
Resident Set Size: 756692K (peak: 797008K) (anon: 562376K, file: 194316K, shmem: 0K)
Swapped out: 0K
C-Heap outstanding allocations: 43625K, retained: 10826K
glibc malloc tunables: (default)

/proc/sys/kernel/threads-max (system-wide limit on the number of threads): 514277
/proc/sys/vm/max_map_count (maximum number of memory map areas a process may have): 65530
/proc/sys/kernel/pid_max (system-wide limit on number of process identifiers): 4194304

container (cgroup) information:
container_type: cgroupv2
cpu_cpuset_cpus: not supported
cpu_memory_nodes: not supported
active_processor_count: 1
cpu_quota: 50000
cpu_period: 100000
cpu_shares: no shares
memory_limit_in_bytes: 1048576 k
memory_and_swap_limit_in_bytes: unlimited
memory_soft_limit_in_bytes: 524288 k
memory_usage_in_bytes: 604132 k
memory_max_usage_in_bytes: not supported
maximum number of tasks: not supported
current number of tasks: not supported

KVM virtualization detected
Steal ticks since vm start: 1891
Steal ticks percentage since vm start:  0.002

CPU: total 8 (initial active 1) (4 cores per cpu, 2 threads per core) family 6 model 79 stepping 0 microcode 0xffffffff, cx8, cmov, fxsr, ht, mmx, 3dnowpref, sse, sse2, sse3, ssse3, sse4.1, sse4.2, popcnt, lzcnt, tsc, tscinvbit, avx, avx2, aes, erms, clmul, bmi1, bmi2, rtm, adx, fma, vzeroupper, clflush, hv
CPU Model and flags from /proc/cpuinfo:
model name	: Intel(R) Xeon(R) CPU @ 2.20GHz
flags		: fpu vme de pse tsc msr pae mce cx8 apic sep mtrr pge mca cmov pat pse36 clflush mmx fxsr sse sse2 ss ht syscall nx pdpe1gb rdtscp lm constant_tsc rep_good nopl xtopology nonstop_tsc cpuid tsc_known_freq pni pclmulqdq ssse3 fma cx16 pcid sse4_1 sse4_2 x2apic movbe popcnt aes xsave avx f16c rdrand hypervisor lahf_lm abm 3dnowprefetch invpcid_single pti ssbd ibrs ibpb stibp fsgsbase tsc_adjust bmi1 hle avx2 smep bmi2 erms invpcid rtm rdseed adx smap xsaveopt arat md_clear arch_capabilities

Online cpus: 0-7
Offline cpus: 
BIOS frequency limitation: <Not Available>
Frequency switch latency (ns): <Not Available>
Available cpu frequencies: <Not Available>
Current governor: <Not Available>
Core performance/turbo boost: <Not Available>

Memory: 4k page, physical 1048576k(444440k free), swap 0k(0k free)
Page Sizes: 4k

vm_info: OpenJDK 64-Bit Server VM (17.0.5+8-jvmci-22.3-b08) for linux-amd64 JRE (17.0.5+8-jvmci-22.3-b08), built on Oct 19 2022 09:01:27 by "buildslave" with gcc 10.3.0

END.
